<?xml version="1.0" encoding="utf-8"?>
<test-run id="2" testcasecount="39" result="Passed" total="39" passed="39" failed="0" inconclusive="0" skipped="0" asserts="0" engine-version="3.5.0.0" clr-version="4.0.30319.42000" start-time="2026-02-25 04:37:34Z" end-time="2026-02-25 04:37:39Z" duration="5.7829352">
  <test-suite type="TestSuite" id="1062" name="ByteWar" fullname="ByteWar" runstate="Runnable" testcasecount="39" result="Passed" start-time="2026-02-25 04:37:34Z" end-time="2026-02-25 04:37:39Z" duration="5.782935" total="39" passed="39" failed="0" inconclusive="0" skipped="0" asserts="0">
    <properties>
      <property name="platform" value="PlayMode" />
    </properties>
    <test-suite type="Assembly" id="1055" name="ByteWar.Tests.PlayMode.dll" fullname="C:/Projects/SurvivalRPG/Library/ScriptAssemblies/ByteWar.Tests.PlayMode.dll" runstate="Runnable" testcasecount="39" result="Passed" start-time="2026-02-25 04:37:34Z" end-time="2026-02-25 04:37:39Z" duration="5.773432" total="39" passed="39" failed="0" inconclusive="0" skipped="0" asserts="0">
      <properties>
        <property name="_PID" value="36044" />
        <property name="_APPDOMAIN" value="Unity Child Domain" />
        <property name="platform" value="PlayMode" />
        <property name="EditorOnly" value="False" />
      </properties>
      <test-suite type="TestSuite" id="1056" name="ByteWar" fullname="ByteWar" runstate="Runnable" testcasecount="39" result="Passed" start-time="2026-02-25 04:37:34Z" end-time="2026-02-25 04:37:39Z" duration="5.772136" total="39" passed="39" failed="0" inconclusive="0" skipped="0" asserts="0">
        <properties />
        <test-suite type="TestSuite" id="1057" name="Tests" fullname="ByteWar.Tests" runstate="Runnable" testcasecount="39" result="Passed" start-time="2026-02-25 04:37:34Z" end-time="2026-02-25 04:37:39Z" duration="5.771223" total="39" passed="39" failed="0" inconclusive="0" skipped="0" asserts="0">
          <properties />
          <test-suite type="TestSuite" id="1058" name="PlayMode" fullname="ByteWar.Tests.PlayMode" runstate="Runnable" testcasecount="39" result="Passed" start-time="2026-02-25 04:37:34Z" end-time="2026-02-25 04:37:39Z" duration="5.770249" total="39" passed="39" failed="0" inconclusive="0" skipped="0" asserts="0">
            <properties />
            <test-suite type="TestFixture" id="1001" name="AssetDeployUISmokeTests" fullname="ByteWar.Tests.PlayMode.AssetDeployUISmokeTests" classname="ByteWar.Tests.PlayMode.AssetDeployUISmokeTests" runstate="Runnable" testcasecount="3" result="Passed" start-time="2026-02-25 04:37:34Z" end-time="2026-02-25 04:37:34Z" duration="0.057273" total="3" passed="3" failed="0" inconclusive="0" skipped="0" asserts="0">
              <properties />
              <test-case id="1002" name="AssetDeployUI_BrowserHelpers_ReturnExpectedValues" fullname="ByteWar.Tests.PlayMode.AssetDeployUISmokeTests.AssetDeployUI_BrowserHelpers_ReturnExpectedValues" methodname="AssetDeployUI_BrowserHelpers_ReturnExpectedValues" classname="ByteWar.Tests.PlayMode.AssetDeployUISmokeTests" runstate="Runnable" seed="831758656" result="Passed" start-time="2026-02-25 04:37:34Z" end-time="2026-02-25 04:37:34Z" duration="0.027812" asserts="0">
                <properties>
                  <property name="_JOINTYPE" value="UnityCombinatorial" />
                  <property name="retryIteration" value="0" />
                  <property name="repeatIteration" value="0" />
                </properties>
              </test-case>
              <test-case id="1004" name="AssetDeployUI_CanDeployBlenderE2EProp_WhenPrefabPresent" fullname="ByteWar.Tests.PlayMode.AssetDeployUISmokeTests.AssetDeployUI_CanDeployBlenderE2EProp_WhenPrefabPresent" methodname="AssetDeployUI_CanDeployBlenderE2EProp_WhenPrefabPresent" classname="ByteWar.Tests.PlayMode.AssetDeployUISmokeTests" runstate="Runnable" seed="663494886" result="Passed" start-time="2026-02-25 04:37:34Z" end-time="2026-02-25 04:37:34Z" duration="0.009429" asserts="0">
                <properties>
                  <property name="_JOINTYPE" value="UnityCombinatorial" />
                  <property name="retryIteration" value="0" />
                  <property name="repeatIteration" value="0" />
                </properties>
              </test-case>
              <test-case id="1003" name="BuildingController_ExternalInputSuppressed_FlagsState" fullname="ByteWar.Tests.PlayMode.AssetDeployUISmokeTests.BuildingController_ExternalInputSuppressed_FlagsState" methodname="BuildingController_ExternalInputSuppressed_FlagsState" classname="ByteWar.Tests.PlayMode.AssetDeployUISmokeTests" runstate="Runnable" seed="91446150" result="Passed" start-time="2026-02-25 04:37:34Z" end-time="2026-02-25 04:37:34Z" duration="0.006479" asserts="0">
                <properties>
                  <property name="_JOINTYPE" value="UnityCombinatorial" />
                  <property name="retryIteration" value="0" />
                  <property name="repeatIteration" value="0" />
                </properties>
              </test-case>
            </test-suite>
            <test-suite type="TestFixture" id="1005" name="BlenderE2EPropSmokeTests" fullname="ByteWar.Tests.PlayMode.BlenderE2EPropSmokeTests" classname="ByteWar.Tests.PlayMode.BlenderE2EPropSmokeTests" runstate="Runnable" testcasecount="1" result="Passed" start-time="2026-02-25 04:37:34Z" end-time="2026-02-25 04:37:34Z" duration="0.003440" total="1" passed="1" failed="0" inconclusive="0" skipped="0" asserts="0">
              <properties />
              <test-case id="1006" name="BlenderE2EProp_CanLoadFromResources_WhenPresent" fullname="ByteWar.Tests.PlayMode.BlenderE2EPropSmokeTests.BlenderE2EProp_CanLoadFromResources_WhenPresent" methodname="BlenderE2EProp_CanLoadFromResources_WhenPresent" classname="ByteWar.Tests.PlayMode.BlenderE2EPropSmokeTests" runstate="Runnable" seed="831948038" result="Passed" start-time="2026-02-25 04:37:34Z" end-time="2026-02-25 04:37:34Z" duration="0.002344" asserts="0">
                <properties>
                  <property name="_JOINTYPE" value="UnityCombinatorial" />
                  <property name="retryIteration" value="0" />
                  <property name="repeatIteration" value="0" />
                </properties>
              </test-case>
            </test-suite>
            <test-suite type="TestFixture" id="1007" name="BuildingPlacementSmokeTests" fullname="ByteWar.Tests.PlayMode.BuildingPlacementSmokeTests" classname="ByteWar.Tests.PlayMode.BuildingPlacementSmokeTests" runstate="Runnable" testcasecount="3" result="Passed" start-time="2026-02-25 04:37:34Z" end-time="2026-02-25 04:37:34Z" duration="0.390330" total="3" passed="3" failed="0" inconclusive="0" skipped="0" asserts="0">
              <properties />
              <test-case id="1010" name="BuildingPiece_Spawns_WithCorrectType" fullname="ByteWar.Tests.PlayMode.BuildingPlacementSmokeTests.BuildingPiece_Spawns_WithCorrectType" methodname="BuildingPiece_Spawns_WithCorrectType" classname="ByteWar.Tests.PlayMode.BuildingPlacementSmokeTests" runstate="Runnable" seed="947049715" result="Passed" start-time="2026-02-25 04:37:34Z" end-time="2026-02-25 04:37:34Z" duration="0.335857" asserts="0">
                <properties>
                  <property name="_JOINTYPE" value="UnityCombinatorial" />
                  <property name="retryIteration" value="0" />
                  <property name="repeatIteration" value="0" />
                </properties>
                <output><![CDATA[[GameConstants] DevMode set to False
[GameConstants] BuildingCostsEnabled set to True
[NGOTestHelper] Using UnityTransport port 60096 for PlayMode test NetworkManager.
NetworkPrefab (Building_Wall) has a duplicate GlobalObjectIdHash source entry value of: 0!
[NGOTestHelper] Local player exists but is not usable for tests (missing/unspawned NetworkBehaviours). Replacing with test player...
[PlayerInputHandler] Initializing input (direct keyboard polling).
[PlayerInputHandler] Devices: Keyboard=False Mouse=False
[PlayerInputHandler] Enabling Input Actions.
[PlayerInputHandler] InputActions enabled (context=OnEnable). Movement=True Cast1=True Interact=True Keyboard=False Mouse=False
[NetworkPlayer] Awake on TestPlayer.
[PlayerInteraction] Initialized for local player (ClientId: 0).
[PlayerInputHandler] InputActions enabled (context=PlayerInteraction OnNetworkSpawn (owner)). Movement=True Cast1=True Interact=True Keyboard=False Mouse=False
[PlayerMovement] Initialized for local owner.
[PlayerRegistry] Registered player 'TestPlayer'. Total: 1
[NetworkPlayer] Local player spawned — setting up camera.
[PlayerInputHandler] InputActions enabled (context=NetworkPlayer OnNetworkSpawn (owner)). Movement=True Cast1=True Interact=True Keyboard=False Mouse=False
[NetworkPlayer] No ground collider or terrain found! Spawning at default position.
[ThirdPersonCamera] Awake.
[NetworkPlayer] ThirdPersonCamera added to Main Camera at runtime.
[ThirdPersonCamera] Target set to TestPlayer. pivotHeight=1.40. Cached 0 renderers.
[NetworkPlayer] CameraTarget missing; using root target with pivotHeight=1.40
[NetworkPlayer] VisualMode: stamp=Unknown actual=PrimitiveFallback child='(none)' skinned=0 renderers=0 mixamoRig=False netObj=2 ownerClient=0
[Test] BuildingPiece spawn test passed.
[PlayerRegistry] Unregistered player 'TestPlayer'. Total: 0
[PlayerInputHandler] Disabling Input Actions.
]]></output>
              </test-case>
              <test-case id="1009" name="PlaceFoundation_WithoutResources_Fails" fullname="ByteWar.Tests.PlayMode.BuildingPlacementSmokeTests.PlaceFoundation_WithoutResources_Fails" methodname="PlaceFoundation_WithoutResources_Fails" classname="ByteWar.Tests.PlayMode.BuildingPlacementSmokeTests" runstate="Runnable" seed="2009789852" result="Passed" start-time="2026-02-25 04:37:34Z" end-time="2026-02-25 04:37:34Z" duration="0.019143" asserts="0">
                <properties>
                  <property name="_JOINTYPE" value="UnityCombinatorial" />
                  <property name="retryIteration" value="0" />
                  <property name="repeatIteration" value="0" />
                </properties>
                <output><![CDATA[[GameConstants] DevMode set to False
[GameConstants] BuildingCostsEnabled set to True
[NGOTestHelper] Using UnityTransport port 60097 for PlayMode test NetworkManager.
NetworkPrefab (Building_Wall) has a duplicate GlobalObjectIdHash source entry value of: 0!
[NGOTestHelper] Local player exists but is not usable for tests (missing/unspawned NetworkBehaviours). Replacing with test player...
[PlayerInputHandler] Initializing input (direct keyboard polling).
[PlayerInputHandler] Devices: Keyboard=False Mouse=False
[PlayerInputHandler] Enabling Input Actions.
[PlayerInputHandler] InputActions enabled (context=OnEnable). Movement=True Cast1=True Interact=True Keyboard=False Mouse=False
[NetworkPlayer] Awake on TestPlayer.
[PlayerInteraction] Initialized for local player (ClientId: 0).
[PlayerInputHandler] InputActions enabled (context=PlayerInteraction OnNetworkSpawn (owner)). Movement=True Cast1=True Interact=True Keyboard=False Mouse=False
[PlayerMovement] Initialized for local owner.
[PlayerRegistry] Registered player 'TestPlayer'. Total: 1
[NetworkPlayer] Local player spawned — setting up camera.
[PlayerInputHandler] InputActions enabled (context=NetworkPlayer OnNetworkSpawn (owner)). Movement=True Cast1=True Interact=True Keyboard=False Mouse=False
[NetworkPlayer] No ground collider or terrain found! Spawning at default position.
[ThirdPersonCamera] Target set to TestPlayer. pivotHeight=1.40. Cached 0 renderers.
[NetworkPlayer] CameraTarget missing; using root target with pivotHeight=1.40
[NetworkPlayer] VisualMode: stamp=Unknown actual=PrimitiveFallback child='(none)' skinned=0 renderers=0 mixamoRig=False netObj=2 ownerClient=0
[BuildingRecipe] Cannot afford 'Foundation'.
[Test] Building placement denial test passed.
[PlayerRegistry] Unregistered player 'TestPlayer'. Total: 0
[PlayerInputHandler] Disabling Input Actions.
]]></output>
              </test-case>
              <test-case id="1008" name="PlaceFoundation_WithResources_SpawnsBuildingPiece" fullname="ByteWar.Tests.PlayMode.BuildingPlacementSmokeTests.PlaceFoundation_WithResources_SpawnsBuildingPiece" methodname="PlaceFoundation_WithResources_SpawnsBuildingPiece" classname="ByteWar.Tests.PlayMode.BuildingPlacementSmokeTests" runstate="Runnable" seed="1886776752" result="Passed" start-time="2026-02-25 04:37:34Z" end-time="2026-02-25 04:37:34Z" duration="0.033188" asserts="0">
                <properties>
                  <property name="_JOINTYPE" value="UnityCombinatorial" />
                  <property name="retryIteration" value="0" />
                  <property name="repeatIteration" value="0" />
                </properties>
                <output><![CDATA[[GameConstants] DevMode set to False
[GameConstants] BuildingCostsEnabled set to True
[NGOTestHelper] Using UnityTransport port 60098 for PlayMode test NetworkManager.
NetworkPrefab (Building_Wall) has a duplicate GlobalObjectIdHash source entry value of: 0!
[NGOTestHelper] Local player exists but is not usable for tests (missing/unspawned NetworkBehaviours). Replacing with test player...
[PlayerInputHandler] Initializing input (direct keyboard polling).
[PlayerInputHandler] Devices: Keyboard=False Mouse=False
[PlayerInputHandler] Enabling Input Actions.
[PlayerInputHandler] InputActions enabled (context=OnEnable). Movement=True Cast1=True Interact=True Keyboard=False Mouse=False
[NetworkPlayer] Awake on TestPlayer.
[PlayerInteraction] Initialized for local player (ClientId: 0).
[PlayerInputHandler] InputActions enabled (context=PlayerInteraction OnNetworkSpawn (owner)). Movement=True Cast1=True Interact=True Keyboard=False Mouse=False
[PlayerMovement] Initialized for local owner.
[PlayerRegistry] Registered player 'TestPlayer'. Total: 1
[NetworkPlayer] Local player spawned — setting up camera.
[PlayerInputHandler] InputActions enabled (context=NetworkPlayer OnNetworkSpawn (owner)). Movement=True Cast1=True Interact=True Keyboard=False Mouse=False
[NetworkPlayer] No ground collider or terrain found! Spawning at default position.
[ThirdPersonCamera] Target set to TestPlayer. pivotHeight=1.40. Cached 0 renderers.
[NetworkPlayer] CameraTarget missing; using root target with pivotHeight=1.40
[NetworkPlayer] VisualMode: stamp=Unknown actual=PrimitiveFallback child='(none)' skinned=0 renderers=0 mixamoRig=False netObj=2 ownerClient=0
[InventoryComponent] Added 'Wood' to TestPlayer's inventory. Total: 1
[InventoryComponent] (Client) Item added to inventory: 'Wood'.
[InventoryComponent] Added 'Wood' to TestPlayer's inventory. Total: 2
[InventoryComponent] (Client) Item added to inventory: 'Wood'.
[InventoryComponent] Added 'Wood' to TestPlayer's inventory. Total: 3
[InventoryComponent] (Client) Item added to inventory: 'Wood'.
[InventoryComponent] Added 'Wood' to TestPlayer's inventory. Total: 4
[InventoryComponent] (Client) Item added to inventory: 'Wood'.
[InventoryComponent] Added 'Stone' to TestPlayer's inventory. Total: 5
[InventoryComponent] (Client) Item added to inventory: 'Stone'.
[InventoryComponent] Added 'Stone' to TestPlayer's inventory. Total: 6
[InventoryComponent] (Client) Item added to inventory: 'Stone'.
[InventoryComponent] Removed 4x 'Wood' from TestPlayer's inventory.
[InventoryComponent] (Client) Item removed from inventory: 'Wood'.
[InventoryComponent] Removed 2x 'Stone' from TestPlayer's inventory.
[InventoryComponent] (Client) Item removed from inventory: 'Stone'.
[BuildingRecipe] Consumed resources for 'Foundation'.
[Test] Building placement smoke test: resources consumed successfully.
[PlayerRegistry] Unregistered player 'TestPlayer'. Total: 0
[PlayerInputHandler] Disabling Input Actions.
]]></output>
              </test-case>
            </test-suite>
            <test-suite type="TestFixture" id="1011" name="CombatSmokeTests" fullname="ByteWar.Tests.PlayMode.CombatSmokeTests" classname="ByteWar.Tests.PlayMode.CombatSmokeTests" runstate="Runnable" testcasecount="1" result="Passed" start-time="2026-02-25 04:37:34Z" end-time="2026-02-25 04:37:34Z" duration="0.125965" total="1" passed="1" failed="0" inconclusive="0" skipped="0" asserts="0">
              <properties />
              <test-case id="1012" name="ClientCastsAbility_ServerProcessesManaAndCooldown_EnemyTakesDamage" fullname="ByteWar.Tests.PlayMode.CombatSmokeTests.ClientCastsAbility_ServerProcessesManaAndCooldown_EnemyTakesDamage" methodname="ClientCastsAbility_ServerProcessesManaAndCooldown_EnemyTakesDamage" classname="ByteWar.Tests.PlayMode.CombatSmokeTests" runstate="Runnable" seed="1606290698" result="Passed" start-time="2026-02-25 04:37:34Z" end-time="2026-02-25 04:37:34Z" duration="0.125022" asserts="0">
                <properties>
                  <property name="_JOINTYPE" value="UnityCombinatorial" />
                  <property name="retryIteration" value="0" />
                  <property name="repeatIteration" value="0" />
                </properties>
                <output><![CDATA[[NGOTestHelper] Using UnityTransport port 60099 for PlayMode test NetworkManager.
[NGOTestHelper] Local player exists but is not usable for tests (missing/unspawned NetworkBehaviours). Replacing with test player...
[PlayerInputHandler] Initializing input (direct keyboard polling).
[PlayerInputHandler] Devices: Keyboard=False Mouse=False
[PlayerInputHandler] Enabling Input Actions.
[PlayerInputHandler] InputActions enabled (context=OnEnable). Movement=True Cast1=True Interact=True Keyboard=False Mouse=False
[NetworkPlayer] Awake on TestPlayer.
[PlayerInteraction] Initialized for local player (ClientId: 0).
[PlayerInputHandler] InputActions enabled (context=PlayerInteraction OnNetworkSpawn (owner)). Movement=True Cast1=True Interact=True Keyboard=False Mouse=False
[PlayerMovement] Initialized for local owner.
[PlayerRegistry] Registered player 'TestPlayer'. Total: 1
[NetworkPlayer] Local player spawned — setting up camera.
[PlayerInputHandler] InputActions enabled (context=NetworkPlayer OnNetworkSpawn (owner)). Movement=True Cast1=True Interact=True Keyboard=False Mouse=False
[NetworkPlayer] No ground collider or terrain found! Spawning at default position.
[ThirdPersonCamera] Target set to TestPlayer. pivotHeight=1.40. Cached 0 renderers.
[NetworkPlayer] CameraTarget missing; using root target with pivotHeight=1.40
[NetworkPlayer] VisualMode: stamp=Unknown actual=PrimitiveFallback child='(none)' skinned=0 renderers=0 mixamoRig=False netObj=2 ownerClient=0
[GameConstants] GameConstants asset not found in Resources/. Using transient defaults.
[EnemyAI] Spawned 'Enemy' (NetworkObjectId=3) at (2.00, 0.00, 0.00).
[EnemyAI] 'Enemy' found target: TestPlayer
[Test] Casting MockDamageAbility...
[MockDamageAbility] Executing at (1.99, 0.00, 0.00)
[EnemyAI] 'Enemy' health: 100.0 → 75.0
[MockDamageAbility] Applied 25 damage to Enemy
[AbilitySystemComponent] Playing VFX=FireballMuzzle SFX=FireballCast for MockDamage at (1.99, 0.00, 0.00)
[Test] Combat smoke test passed successfully.
[PlayerRegistry] Unregistered player 'TestPlayer'. Total: 0
[PlayerInputHandler] Disabling Input Actions.
]]></output>
              </test-case>
            </test-suite>
            <test-suite type="TestFixture" id="1013" name="DevModeAndHUDSmokeTests" fullname="ByteWar.Tests.PlayMode.DevModeAndHUDSmokeTests" classname="ByteWar.Tests.PlayMode.DevModeAndHUDSmokeTests" runstate="Runnable" testcasecount="3" result="Passed" start-time="2026-02-25 04:37:34Z" end-time="2026-02-25 04:37:34Z" duration="0.052791" total="3" passed="3" failed="0" inconclusive="0" skipped="0" asserts="0">
              <properties />
              <test-case id="1015" name="DevMode_AllowsFreeBuildingPlacement" fullname="ByteWar.Tests.PlayMode.DevModeAndHUDSmokeTests.DevMode_AllowsFreeBuildingPlacement" methodname="DevMode_AllowsFreeBuildingPlacement" classname="ByteWar.Tests.PlayMode.DevModeAndHUDSmokeTests" runstate="Runnable" seed="209119238" result="Passed" start-time="2026-02-25 04:37:34Z" end-time="2026-02-25 04:37:34Z" duration="0.017270" asserts="0">
                <properties>
                  <property name="_JOINTYPE" value="UnityCombinatorial" />
                  <property name="retryIteration" value="0" />
                  <property name="repeatIteration" value="0" />
                </properties>
                <output><![CDATA[[NGOTestHelper] Using UnityTransport port 60100 for PlayMode test NetworkManager.
[NGOTestHelper] Local player exists but is not usable for tests (missing/unspawned NetworkBehaviours). Replacing with test player...
[PlayerInputHandler] Initializing input (direct keyboard polling).
[PlayerInputHandler] Devices: Keyboard=False Mouse=False
[PlayerInputHandler] Enabling Input Actions.
[PlayerInputHandler] InputActions enabled (context=OnEnable). Movement=True Cast1=True Interact=True Keyboard=False Mouse=False
[NetworkPlayer] Awake on TestPlayer.
[PlayerInteraction] Initialized for local player (ClientId: 0).
[PlayerInputHandler] InputActions enabled (context=PlayerInteraction OnNetworkSpawn (owner)). Movement=True Cast1=True Interact=True Keyboard=False Mouse=False
[PlayerMovement] Initialized for local owner.
[PlayerRegistry] Registered player 'TestPlayer'. Total: 1
[NetworkPlayer] Local player spawned — setting up camera.
[PlayerInputHandler] InputActions enabled (context=NetworkPlayer OnNetworkSpawn (owner)). Movement=True Cast1=True Interact=True Keyboard=False Mouse=False
[NetworkPlayer] No ground collider or terrain found! Spawning at default position.
[ThirdPersonCamera] Target set to TestPlayer. pivotHeight=1.40. Cached 0 renderers.
[NetworkPlayer] CameraTarget missing; using root target with pivotHeight=1.40
[NetworkPlayer] VisualMode: stamp=Unknown actual=PrimitiveFallback child='(none)' skinned=0 renderers=0 mixamoRig=False netObj=2 ownerClient=0
[GameConstants] BuildingCostsEnabled set to True
[GameConstants] DevMode set to True
[Test] SKIP: BuildingController not on test player.
[PlayerRegistry] Unregistered player 'TestPlayer'. Total: 0
[PlayerInputHandler] Disabling Input Actions.
]]></output>
              </test-case>
              <test-case id="1016" name="EnemyAI_HasCharacterController_WhenProperlySetup" fullname="ByteWar.Tests.PlayMode.DevModeAndHUDSmokeTests.EnemyAI_HasCharacterController_WhenProperlySetup" methodname="EnemyAI_HasCharacterController_WhenProperlySetup" classname="ByteWar.Tests.PlayMode.DevModeAndHUDSmokeTests" runstate="Runnable" seed="848442553" result="Passed" start-time="2026-02-25 04:37:34Z" end-time="2026-02-25 04:37:34Z" duration="0.016931" asserts="0">
                <properties>
                  <property name="_JOINTYPE" value="UnityCombinatorial" />
                  <property name="retryIteration" value="0" />
                  <property name="repeatIteration" value="0" />
                </properties>
                <output><![CDATA[[NGOTestHelper] Using UnityTransport port 60101 for PlayMode test NetworkManager.
[NGOTestHelper] Local player exists but is not usable for tests (missing/unspawned NetworkBehaviours). Replacing with test player...
[PlayerInputHandler] Initializing input (direct keyboard polling).
[PlayerInputHandler] Devices: Keyboard=False Mouse=False
[PlayerInputHandler] Enabling Input Actions.
[PlayerInputHandler] InputActions enabled (context=OnEnable). Movement=True Cast1=True Interact=True Keyboard=False Mouse=False
[NetworkPlayer] Awake on TestPlayer.
[PlayerInteraction] Initialized for local player (ClientId: 0).
[PlayerInputHandler] InputActions enabled (context=PlayerInteraction OnNetworkSpawn (owner)). Movement=True Cast1=True Interact=True Keyboard=False Mouse=False
[PlayerMovement] Initialized for local owner.
[PlayerRegistry] Registered player 'TestPlayer'. Total: 1
[NetworkPlayer] Local player spawned — setting up camera.
[PlayerInputHandler] InputActions enabled (context=NetworkPlayer OnNetworkSpawn (owner)). Movement=True Cast1=True Interact=True Keyboard=False Mouse=False
[NetworkPlayer] No ground collider or terrain found! Spawning at default position.
[ThirdPersonCamera] Target set to TestPlayer. pivotHeight=1.40. Cached 0 renderers.
[NetworkPlayer] CameraTarget missing; using root target with pivotHeight=1.40
[NetworkPlayer] VisualMode: stamp=Unknown actual=PrimitiveFallback child='(none)' skinned=0 renderers=0 mixamoRig=False netObj=2 ownerClient=0
[GameConstants] GameConstants asset not found in Resources/. Using transient defaults.
[Test] PASS: EnemyAI has CharacterController.
[PlayerRegistry] Unregistered player 'TestPlayer'. Total: 0
[PlayerInputHandler] Disabling Input Actions.
]]></output>
              </test-case>
              <test-case id="1014" name="KeybindingHUD_Instantiates_InPlayMode" fullname="ByteWar.Tests.PlayMode.DevModeAndHUDSmokeTests.KeybindingHUD_Instantiates_InPlayMode" methodname="KeybindingHUD_Instantiates_InPlayMode" classname="ByteWar.Tests.PlayMode.DevModeAndHUDSmokeTests" runstate="Runnable" seed="1810384116" result="Passed" start-time="2026-02-25 04:37:34Z" end-time="2026-02-25 04:37:34Z" duration="0.017130" asserts="0">
                <properties>
                  <property name="_JOINTYPE" value="UnityCombinatorial" />
                  <property name="retryIteration" value="0" />
                  <property name="repeatIteration" value="0" />
                </properties>
                <output><![CDATA[[NGOTestHelper] Using UnityTransport port 60102 for PlayMode test NetworkManager.
[NGOTestHelper] Local player exists but is not usable for tests (missing/unspawned NetworkBehaviours). Replacing with test player...
[PlayerInputHandler] Initializing input (direct keyboard polling).
[PlayerInputHandler] Devices: Keyboard=False Mouse=False
[PlayerInputHandler] Enabling Input Actions.
[PlayerInputHandler] InputActions enabled (context=OnEnable). Movement=True Cast1=True Interact=True Keyboard=False Mouse=False
[NetworkPlayer] Awake on TestPlayer.
[PlayerInteraction] Initialized for local player (ClientId: 0).
[PlayerInputHandler] InputActions enabled (context=PlayerInteraction OnNetworkSpawn (owner)). Movement=True Cast1=True Interact=True Keyboard=False Mouse=False
[PlayerMovement] Initialized for local owner.
[PlayerRegistry] Registered player 'TestPlayer'. Total: 1
[NetworkPlayer] Local player spawned — setting up camera.
[PlayerInputHandler] InputActions enabled (context=NetworkPlayer OnNetworkSpawn (owner)). Movement=True Cast1=True Interact=True Keyboard=False Mouse=False
[NetworkPlayer] No ground collider or terrain found! Spawning at default position.
[ThirdPersonCamera] Target set to TestPlayer. pivotHeight=1.40. Cached 0 renderers.
[NetworkPlayer] CameraTarget missing; using root target with pivotHeight=1.40
[NetworkPlayer] VisualMode: stamp=Unknown actual=PrimitiveFallback child='(none)' skinned=0 renderers=0 mixamoRig=False netObj=2 ownerClient=0
[KeybindingHUD] Initialized. Press F2 to toggle visibility.
[Test] PASS: KeybindingHUD instantiated in PlayMode.
[PlayerRegistry] Unregistered player 'TestPlayer'. Total: 0
[PlayerInputHandler] Disabling Input Actions.
]]></output>
              </test-case>
            </test-suite>
            <test-suite type="TestFixture" id="1017" name="EnemySpawnerTests" fullname="ByteWar.Tests.PlayMode.EnemySpawnerTests" classname="ByteWar.Tests.PlayMode.EnemySpawnerTests" runstate="Runnable" testcasecount="1" result="Passed" start-time="2026-02-25 04:37:34Z" end-time="2026-02-25 04:37:35Z" duration="0.515262" total="1" passed="1" failed="0" inconclusive="0" skipped="0" asserts="0">
              <properties />
              <test-case id="1018" name="EnemySpawner_SpawnsEnemiesUpToMax" fullname="ByteWar.Tests.PlayMode.EnemySpawnerTests.EnemySpawner_SpawnsEnemiesUpToMax" methodname="EnemySpawner_SpawnsEnemiesUpToMax" classname="ByteWar.Tests.PlayMode.EnemySpawnerTests" runstate="Runnable" seed="1562056946" result="Passed" start-time="2026-02-25 04:37:34Z" end-time="2026-02-25 04:37:35Z" duration="0.514278" asserts="0">
                <properties>
                  <property name="_JOINTYPE" value="UnityCombinatorial" />
                  <property name="retryIteration" value="0" />
                  <property name="repeatIteration" value="0" />
                </properties>
                <output><![CDATA[[NGOTestHelper] Using UnityTransport port 60103 for PlayMode test NetworkManager.
[EnemySpawner] Started spawner at (0.00, 0.00, 0.00). MaxEnemies=2
[EnemyAI] Spawned 'EnemyPrefab(Clone)' (NetworkObjectId=3) at (3.57, 0.00, -3.29).
[EnemySpawner] Spawned enemy at (3.57, 0.00, -3.29). Active enemies: 1/2
[EnemyAI] Spawned 'EnemyPrefab(Clone)' (NetworkObjectId=4) at (-0.42, 0.00, 1.63).
[EnemySpawner] Spawned enemy at (-0.42, 0.00, 1.63). Active enemies: 2/2
]]></output>
              </test-case>
            </test-suite>
            <test-suite type="TestFixture" id="1019" name="GameLoopTests" fullname="ByteWar.Tests.PlayMode.GameLoopTests" classname="ByteWar.Tests.PlayMode.GameLoopTests" runstate="Runnable" testcasecount="1" result="Passed" start-time="2026-02-25 04:37:35Z" end-time="2026-02-25 04:37:35Z" duration="0.033642" total="1" passed="1" failed="0" inconclusive="0" skipped="0" asserts="0">
              <properties />
              <test-case id="1020" name="EndToEndGameLoop_GatherCraftEquipCombat" fullname="ByteWar.Tests.PlayMode.GameLoopTests.EndToEndGameLoop_GatherCraftEquipCombat" methodname="EndToEndGameLoop_GatherCraftEquipCombat" classname="ByteWar.Tests.PlayMode.GameLoopTests" runstate="Runnable" seed="1822298287" result="Passed" start-time="2026-02-25 04:37:35Z" end-time="2026-02-25 04:37:35Z" duration="0.032670" asserts="0">
                <properties>
                  <property name="_JOINTYPE" value="UnityCombinatorial" />
                  <property name="retryIteration" value="0" />
                  <property name="repeatIteration" value="0" />
                </properties>
                <output><![CDATA[[NGOTestHelper] Using UnityTransport port 59604 for PlayMode test NetworkManager.
[NGOTestHelper] Local player exists but is not usable for tests (missing/unspawned NetworkBehaviours). Replacing with test player...
[PlayerInputHandler] Initializing input (direct keyboard polling).
[PlayerInputHandler] Devices: Keyboard=False Mouse=False
[PlayerInputHandler] Enabling Input Actions.
[PlayerInputHandler] InputActions enabled (context=OnEnable). Movement=True Cast1=True Interact=True Keyboard=False Mouse=False
[NetworkPlayer] Awake on TestPlayer.
[PlayerInteraction] Initialized for local player (ClientId: 0).
[PlayerInputHandler] InputActions enabled (context=PlayerInteraction OnNetworkSpawn (owner)). Movement=True Cast1=True Interact=True Keyboard=False Mouse=False
[PlayerMovement] Initialized for local owner.
[PlayerRegistry] Registered player 'TestPlayer'. Total: 1
[NetworkPlayer] Local player spawned — setting up camera.
[PlayerInputHandler] InputActions enabled (context=NetworkPlayer OnNetworkSpawn (owner)). Movement=True Cast1=True Interact=True Keyboard=False Mouse=False
[NetworkPlayer] No ground collider or terrain found! Spawning at default position.
[ThirdPersonCamera] Target set to TestPlayer. pivotHeight=1.40. Cached 0 renderers.
[NetworkPlayer] CameraTarget missing; using root target with pivotHeight=1.40
[NetworkPlayer] VisualMode: stamp=Unknown actual=PrimitiveFallback child='(none)' skinned=0 renderers=0 mixamoRig=False netObj=2 ownerClient=0
Starting End-to-End Game Loop Test...
Simulating Resource Gathering...
[InventoryComponent] Added 'Wood' to TestPlayer's inventory. Total: 1
[InventoryComponent] (Client) Item added to inventory: 'Wood'.
[InventoryComponent] Added 'Stone' to TestPlayer's inventory. Total: 2
[InventoryComponent] (Client) Item added to inventory: 'Stone'.
Simulating Crafting...
[InventoryComponent] Removed 1x 'Wood' from TestPlayer's inventory.
[InventoryComponent] (Client) Item removed from inventory: 'Wood'.
[InventoryComponent] Removed 1x 'Stone' from TestPlayer's inventory.
[InventoryComponent] (Client) Item removed from inventory: 'Stone'.
[InventoryComponent] Added 'Basic Staff' to TestPlayer's inventory. Total: 1
[InventoryComponent] (Client) Item added to inventory: 'Basic Staff'.
Player 0 crafted Basic Staff
Simulating Equipping...
Equipped Basic Staff
Simulating Combat...
End-to-End Game Loop Test Completed Successfully!
[PlayerRegistry] Unregistered player 'TestPlayer'. Total: 0
[PlayerInputHandler] Disabling Input Actions.
]]></output>
              </test-case>
            </test-suite>
            <test-suite type="TestFixture" id="1021" name="MeleeAttackSmokeTests" fullname="ByteWar.Tests.PlayMode.MeleeAttackSmokeTests" classname="ByteWar.Tests.PlayMode.MeleeAttackSmokeTests" runstate="Runnable" testcasecount="2" result="Passed" start-time="2026-02-25 04:37:35Z" end-time="2026-02-25 04:37:35Z" duration="0.325487" total="2" passed="2" failed="0" inconclusive="0" skipped="0" asserts="0">
              <properties />
              <test-case id="1022" name="EnemyTakeDamage_ReducesHealth_AndDiesAtZero" fullname="ByteWar.Tests.PlayMode.MeleeAttackSmokeTests.EnemyTakeDamage_ReducesHealth_AndDiesAtZero" methodname="EnemyTakeDamage_ReducesHealth_AndDiesAtZero" classname="ByteWar.Tests.PlayMode.MeleeAttackSmokeTests" runstate="Runnable" seed="1411180902" result="Passed" start-time="2026-02-25 04:37:35Z" end-time="2026-02-25 04:37:35Z" duration="0.312976" asserts="0">
                <properties>
                  <property name="_JOINTYPE" value="UnityCombinatorial" />
                  <property name="retryIteration" value="0" />
                  <property name="repeatIteration" value="0" />
                </properties>
                <output><![CDATA[[NGOTestHelper] Using UnityTransport port 59605 for PlayMode test NetworkManager.
[EnemyAI] Spawned 'TestEnemy' (NetworkObjectId=2) at (0.00, 0.00, 0.00).
[Test] Dealing 10 damage to enemy...
[EnemyAI] 'TestEnemy' health: 100.0 → 90.0
[EnemyAI] 'TestEnemy' took 10 damage. Health=90
[Test] Dealing lethal damage to enemy...
[EnemyAI] 'TestEnemy' health: 90.0 → 0.0
[EnemyAI] 'TestEnemy' (NetworkObjectId=2) died!
[EnemyAI] 'TestEnemy' took 91 damage. Health=0
[Test] MeleeAttack smoke test passed.
]]></output>
              </test-case>
              <test-case id="1023" name="EnemyTargetTracker_SetTarget_FiresEvent" fullname="ByteWar.Tests.PlayMode.MeleeAttackSmokeTests.EnemyTargetTracker_SetTarget_FiresEvent" methodname="EnemyTargetTracker_SetTarget_FiresEvent" classname="ByteWar.Tests.PlayMode.MeleeAttackSmokeTests" runstate="Runnable" seed="353334086" result="Passed" start-time="2026-02-25 04:37:35Z" end-time="2026-02-25 04:37:35Z" duration="0.011333" asserts="0">
                <properties>
                  <property name="_JOINTYPE" value="UnityCombinatorial" />
                  <property name="retryIteration" value="0" />
                  <property name="repeatIteration" value="0" />
                </properties>
                <output><![CDATA[[NGOTestHelper] Using UnityTransport port 59606 for PlayMode test NetworkManager.
[EnemyAI] Spawned 'Target' (NetworkObjectId=2) at (0.00, 0.00, 0.00).
[Test] EnemyTargetTracker test passed.
]]></output>
              </test-case>
            </test-suite>
            <test-suite type="TestFixture" id="1024" name="PlayerInputTests" fullname="ByteWar.Tests.PlayMode.PlayerInputTests" classname="ByteWar.Tests.PlayMode.PlayerInputTests" runstate="Runnable" testcasecount="4" result="Passed" start-time="2026-02-25 04:37:35Z" end-time="2026-02-25 04:37:37Z" duration="1.525949" total="4" passed="4" failed="0" inconclusive="0" skipped="0" asserts="0">
              <properties />
              <test-case id="1028" name="JumpPressedMidAir_DoesNotQueueJumpOnLanding" fullname="ByteWar.Tests.PlayMode.PlayerInputTests.JumpPressedMidAir_DoesNotQueueJumpOnLanding" methodname="JumpPressedMidAir_DoesNotQueueJumpOnLanding" classname="ByteWar.Tests.PlayMode.PlayerInputTests" runstate="Runnable" seed="1433991930" result="Passed" start-time="2026-02-25 04:37:35Z" end-time="2026-02-25 04:37:36Z" duration="0.971706" asserts="0">
                <properties>
                  <property name="_JOINTYPE" value="UnityCombinatorial" />
                  <property name="retryIteration" value="0" />
                  <property name="repeatIteration" value="0" />
                </properties>
                <output><![CDATA[[NGOTestHelper] Using UnityTransport port 59607 for PlayMode test NetworkManager.
[NGOTestHelper] Local player exists but is not usable for tests (missing/unspawned NetworkBehaviours). Replacing with test player...
[PlayerInputHandler] Initializing input (direct keyboard polling).
[PlayerInputHandler] Devices: Keyboard=False Mouse=False
[PlayerInputHandler] Enabling Input Actions.
[PlayerInputHandler] InputActions enabled (context=OnEnable). Movement=True Cast1=True Interact=True Keyboard=False Mouse=False
[NetworkPlayer] Awake on TestPlayer.
[PlayerInteraction] Initialized for local player (ClientId: 0).
[PlayerInputHandler] InputActions enabled (context=PlayerInteraction OnNetworkSpawn (owner)). Movement=True Cast1=True Interact=True Keyboard=False Mouse=False
[PlayerMovement] Initialized for local owner.
[PlayerRegistry] Registered player 'TestPlayer'. Total: 1
[NetworkPlayer] Local player spawned — setting up camera.
[PlayerInputHandler] InputActions enabled (context=NetworkPlayer OnNetworkSpawn (owner)). Movement=True Cast1=True Interact=True Keyboard=False Mouse=False
[NetworkPlayer] Spawn via raycast: (0.00, 2.00, 0.00) (hit=TestGround)
[ThirdPersonCamera] Target set to TestPlayer. pivotHeight=1.40. Cached 0 renderers.
[NetworkPlayer] CameraTarget missing; using root target with pivotHeight=1.40
[NetworkPlayer] VisualMode: stamp=Unknown actual=PrimitiveFallback child='(none)' skinned=0 renderers=0 mixamoRig=False netObj=2 ownerClient=0
[PlayerVisualSetup] Visual grounding not needed: diag=
[PlayerRegistry] Unregistered player 'TestPlayer'. Total: 0
[PlayerInputHandler] Disabling Input Actions.
]]></output>
              </test-case>
              <test-case id="1027" name="NetworkPlayer_MovesBasedOnInput" fullname="ByteWar.Tests.PlayMode.PlayerInputTests.NetworkPlayer_MovesBasedOnInput" methodname="NetworkPlayer_MovesBasedOnInput" classname="ByteWar.Tests.PlayMode.PlayerInputTests" runstate="Runnable" seed="1045351286" result="Passed" start-time="2026-02-25 04:37:36Z" end-time="2026-02-25 04:37:37Z" duration="0.516148" asserts="0">
                <properties>
                  <property name="_JOINTYPE" value="UnityCombinatorial" />
                  <property name="retryIteration" value="0" />
                  <property name="repeatIteration" value="0" />
                </properties>
                <output><![CDATA[[NGOTestHelper] Using UnityTransport port 59608 for PlayMode test NetworkManager.
[NGOTestHelper] Local player exists but is not usable for tests (missing/unspawned NetworkBehaviours). Replacing with test player...
[PlayerInputHandler] Initializing input (direct keyboard polling).
[PlayerInputHandler] Devices: Keyboard=False Mouse=False
[PlayerInputHandler] Enabling Input Actions.
[PlayerInputHandler] InputActions enabled (context=OnEnable). Movement=True Cast1=True Interact=True Keyboard=False Mouse=False
[NetworkPlayer] Awake on TestPlayer.
[PlayerInteraction] Initialized for local player (ClientId: 0).
[PlayerInputHandler] InputActions enabled (context=PlayerInteraction OnNetworkSpawn (owner)). Movement=True Cast1=True Interact=True Keyboard=False Mouse=False
[PlayerMovement] Initialized for local owner.
[PlayerRegistry] Registered player 'TestPlayer'. Total: 1
[NetworkPlayer] Local player spawned — setting up camera.
[PlayerInputHandler] InputActions enabled (context=NetworkPlayer OnNetworkSpawn (owner)). Movement=True Cast1=True Interact=True Keyboard=False Mouse=False
[NetworkPlayer] No ground collider or terrain found! Spawning at default position.
[ThirdPersonCamera] Target set to TestPlayer. pivotHeight=1.40. Cached 0 renderers.
[NetworkPlayer] CameraTarget missing; using root target with pivotHeight=1.40
[NetworkPlayer] VisualMode: stamp=Unknown actual=PrimitiveFallback child='(none)' skinned=0 renderers=0 mixamoRig=False netObj=2 ownerClient=0
[PlayerMovement] Moving: (0.00, 1.00)
[PlayerInputHandler] MovementInput: (0.00, 1.00)
[PlayerRegistry] Unregistered player 'TestPlayer'. Total: 0
[PlayerInputHandler] Disabling Input Actions.
]]></output>
              </test-case>
              <test-case id="1025" name="PlayerInputHandler_RegistersMovementInput" fullname="ByteWar.Tests.PlayMode.PlayerInputTests.PlayerInputHandler_RegistersMovementInput" methodname="PlayerInputHandler_RegistersMovementInput" classname="ByteWar.Tests.PlayMode.PlayerInputTests" runstate="Runnable" seed="1725791920" result="Passed" start-time="2026-02-25 04:37:37Z" end-time="2026-02-25 04:37:37Z" duration="0.020104" asserts="0">
                <properties>
                  <property name="_JOINTYPE" value="UnityCombinatorial" />
                  <property name="retryIteration" value="0" />
                  <property name="repeatIteration" value="0" />
                </properties>
                <output><![CDATA[[NGOTestHelper] Using UnityTransport port 59609 for PlayMode test NetworkManager.
[NGOTestHelper] Local player exists but is not usable for tests (missing/unspawned NetworkBehaviours). Replacing with test player...
[PlayerInputHandler] Initializing input (direct keyboard polling).
[PlayerInputHandler] Devices: Keyboard=False Mouse=False
[PlayerInputHandler] Enabling Input Actions.
[PlayerInputHandler] InputActions enabled (context=OnEnable). Movement=True Cast1=True Interact=True Keyboard=False Mouse=False
[NetworkPlayer] Awake on TestPlayer.
[PlayerInteraction] Initialized for local player (ClientId: 0).
[PlayerInputHandler] InputActions enabled (context=PlayerInteraction OnNetworkSpawn (owner)). Movement=True Cast1=True Interact=True Keyboard=False Mouse=False
[PlayerMovement] Initialized for local owner.
[PlayerRegistry] Registered player 'TestPlayer'. Total: 1
[NetworkPlayer] Local player spawned — setting up camera.
[PlayerInputHandler] InputActions enabled (context=NetworkPlayer OnNetworkSpawn (owner)). Movement=True Cast1=True Interact=True Keyboard=False Mouse=False
[NetworkPlayer] No ground collider or terrain found! Spawning at default position.
[ThirdPersonCamera] Target set to TestPlayer. pivotHeight=1.40. Cached 0 renderers.
[NetworkPlayer] CameraTarget missing; using root target with pivotHeight=1.40
[NetworkPlayer] VisualMode: stamp=Unknown actual=PrimitiveFallback child='(none)' skinned=0 renderers=0 mixamoRig=False netObj=2 ownerClient=0
[PlayerMovement] Moving: (0.00, 1.00)
[PlayerRegistry] Unregistered player 'TestPlayer'. Total: 0
[PlayerInputHandler] Disabling Input Actions.
]]></output>
              </test-case>
              <test-case id="1026" name="PlayerInteraction_ConsumesInteractAction" fullname="ByteWar.Tests.PlayMode.PlayerInputTests.PlayerInteraction_ConsumesInteractAction" methodname="PlayerInteraction_ConsumesInteractAction" classname="ByteWar.Tests.PlayMode.PlayerInputTests" runstate="Runnable" seed="97653751" result="Passed" start-time="2026-02-25 04:37:37Z" end-time="2026-02-25 04:37:37Z" duration="0.016346" asserts="0">
                <properties>
                  <property name="_JOINTYPE" value="UnityCombinatorial" />
                  <property name="retryIteration" value="0" />
                  <property name="repeatIteration" value="0" />
                </properties>
                <output><![CDATA[[NGOTestHelper] Using UnityTransport port 59610 for PlayMode test NetworkManager.
[NGOTestHelper] Local player exists but is not usable for tests (missing/unspawned NetworkBehaviours). Replacing with test player...
[PlayerInputHandler] Initializing input (direct keyboard polling).
[PlayerInputHandler] Devices: Keyboard=False Mouse=False
[PlayerInputHandler] Enabling Input Actions.
[PlayerInputHandler] InputActions enabled (context=OnEnable). Movement=True Cast1=True Interact=True Keyboard=False Mouse=False
[NetworkPlayer] Awake on TestPlayer.
[PlayerInteraction] Initialized for local player (ClientId: 0).
[PlayerInputHandler] InputActions enabled (context=PlayerInteraction OnNetworkSpawn (owner)). Movement=True Cast1=True Interact=True Keyboard=False Mouse=False
[PlayerMovement] Initialized for local owner.
[PlayerRegistry] Registered player 'TestPlayer'. Total: 1
[NetworkPlayer] Local player spawned — setting up camera.
[PlayerInputHandler] InputActions enabled (context=NetworkPlayer OnNetworkSpawn (owner)). Movement=True Cast1=True Interact=True Keyboard=False Mouse=False
[NetworkPlayer] No ground collider or terrain found! Spawning at default position.
[ThirdPersonCamera] Target set to TestPlayer. pivotHeight=1.40. Cached 0 renderers.
[NetworkPlayer] CameraTarget missing; using root target with pivotHeight=1.40
[NetworkPlayer] VisualMode: stamp=Unknown actual=PrimitiveFallback child='(none)' skinned=0 renderers=0 mixamoRig=False netObj=2 ownerClient=0
[PlayerRegistry] Unregistered player 'TestPlayer'. Total: 0
[PlayerInputHandler] Disabling Input Actions.
]]></output>
              </test-case>
            </test-suite>
            <test-suite type="TestFixture" id="1029" name="ResourceGatheringSmokeTests" fullname="ByteWar.Tests.PlayMode.ResourceGatheringSmokeTests" classname="ByteWar.Tests.PlayMode.ResourceGatheringSmokeTests" runstate="Runnable" testcasecount="1" result="Passed" start-time="2026-02-25 04:37:37Z" end-time="2026-02-25 04:37:37Z" duration="0.122622" total="1" passed="1" failed="0" inconclusive="0" skipped="0" asserts="0">
              <properties />
              <test-case id="1030" name="PlayerDamagesResourceNode_NodeDestroyed_ItemAddedToInventory" fullname="ByteWar.Tests.PlayMode.ResourceGatheringSmokeTests.PlayerDamagesResourceNode_NodeDestroyed_ItemAddedToInventory" methodname="PlayerDamagesResourceNode_NodeDestroyed_ItemAddedToInventory" classname="ByteWar.Tests.PlayMode.ResourceGatheringSmokeTests" runstate="Runnable" seed="1192827182" result="Passed" start-time="2026-02-25 04:37:37Z" end-time="2026-02-25 04:37:37Z" duration="0.121035" asserts="0">
                <properties>
                  <property name="_JOINTYPE" value="UnityCombinatorial" />
                  <property name="retryIteration" value="0" />
                  <property name="repeatIteration" value="0" />
                </properties>
                <output><![CDATA[[NGOTestHelper] Using UnityTransport port 59611 for PlayMode test NetworkManager.
[NGOTestHelper] Local player exists but is not usable for tests (missing/unspawned NetworkBehaviours). Replacing with test player...
[PlayerInputHandler] Initializing input (direct keyboard polling).
[PlayerInputHandler] Devices: Keyboard=False Mouse=False
[PlayerInputHandler] Enabling Input Actions.
[PlayerInputHandler] InputActions enabled (context=OnEnable). Movement=True Cast1=True Interact=True Keyboard=False Mouse=False
[NetworkPlayer] Awake on TestPlayer.
[PlayerInteraction] Initialized for local player (ClientId: 0).
[PlayerInputHandler] InputActions enabled (context=PlayerInteraction OnNetworkSpawn (owner)). Movement=True Cast1=True Interact=True Keyboard=False Mouse=False
[PlayerMovement] Initialized for local owner.
[PlayerRegistry] Registered player 'TestPlayer'. Total: 1
[NetworkPlayer] Local player spawned — setting up camera.
[PlayerInputHandler] InputActions enabled (context=NetworkPlayer OnNetworkSpawn (owner)). Movement=True Cast1=True Interact=True Keyboard=False Mouse=False
[NetworkPlayer] No ground collider or terrain found! Spawning at default position.
[ThirdPersonCamera] Target set to TestPlayer. pivotHeight=1.40. Cached 0 renderers.
[NetworkPlayer] CameraTarget missing; using root target with pivotHeight=1.40
[NetworkPlayer] VisualMode: stamp=Unknown actual=PrimitiveFallback child='(none)' skinned=0 renderers=0 mixamoRig=False netObj=2 ownerClient=0
[ResourceNode] Spawned Tree with 100 health.
[Test] Player attacking ResourceNode...
[ResourceNode] Tree took 100 damage. Remaining health: 0
[ResourceNode] PlayGatherHitClientRpc at (0.00, 0.00, 0.00)
[ResourceNode] Tree destroyed. Dropping items.
[ResourceNode] PlayResourceDeathClientRpc at (0.00, 0.00, 0.00)
[ResourceNode] Dropping 3x Wood from Tree.
[InventoryComponent] Added 'Wood' to TestPlayer's inventory. Total: 1
[InventoryComponent] (Client) Item added to inventory: 'Wood'.
[InventoryComponent] Added 'Wood' to TestPlayer's inventory. Total: 2
[InventoryComponent] (Client) Item added to inventory: 'Wood'.
[InventoryComponent] Added 'Wood' to TestPlayer's inventory. Total: 3
[InventoryComponent] (Client) Item added to inventory: 'Wood'.
[Test] Resource gathering smoke test passed successfully.
[PlayerRegistry] Unregistered player 'TestPlayer'. Total: 0
[PlayerInputHandler] Disabling Input Actions.
]]></output>
              </test-case>
            </test-suite>
            <test-suite type="TestFixture" id="1031" name="ThirdPersonCameraFirstPersonTests" fullname="ByteWar.Tests.PlayMode.ThirdPersonCameraFirstPersonTests" classname="ByteWar.Tests.PlayMode.ThirdPersonCameraFirstPersonTests" runstate="Runnable" testcasecount="1" result="Passed" start-time="2026-02-25 04:37:37Z" end-time="2026-02-25 04:37:37Z" duration="0.006356" total="1" passed="1" failed="0" inconclusive="0" skipped="0" asserts="0">
              <properties />
              <test-case id="1032" name="FirstPersonMode_PlacesCameraAtPivot_AndHidesRenderers" fullname="ByteWar.Tests.PlayMode.ThirdPersonCameraFirstPersonTests.FirstPersonMode_PlacesCameraAtPivot_AndHidesRenderers" methodname="FirstPersonMode_PlacesCameraAtPivot_AndHidesRenderers" classname="ByteWar.Tests.PlayMode.ThirdPersonCameraFirstPersonTests" runstate="Runnable" seed="551977361" result="Passed" start-time="2026-02-25 04:37:37Z" end-time="2026-02-25 04:37:37Z" duration="0.005470" asserts="0">
                <properties>
                  <property name="_JOINTYPE" value="UnityCombinatorial" />
                  <property name="retryIteration" value="0" />
                  <property name="repeatIteration" value="0" />
                </properties>
                <output><![CDATA[[ThirdPersonCamera] Awake.
[ThirdPersonCamera] Target set to CameraTarget. pivotHeight=0.20. Cached 1 renderers.
[ThirdPersonCamera] First-person changed: enabled=True distance=0.000 targetDistance=0.000
]]></output>
              </test-case>
            </test-suite>
            <test-suite type="TestFixture" id="1033" name="UITests" fullname="ByteWar.Tests.PlayMode.UITests" classname="ByteWar.Tests.PlayMode.UITests" runstate="Runnable" testcasecount="4" result="Passed" start-time="2026-02-25 04:37:37Z" end-time="2026-02-25 04:37:37Z" duration="0.255947" total="4" passed="4" failed="0" inconclusive="0" skipped="0" asserts="0">
              <properties />
              <test-case id="1035" name="ActionBarUI_UpdatesWhenAbilityCast" fullname="ByteWar.Tests.PlayMode.UITests.ActionBarUI_UpdatesWhenAbilityCast" methodname="ActionBarUI_UpdatesWhenAbilityCast" classname="ByteWar.Tests.PlayMode.UITests" runstate="Runnable" seed="202171799" result="Passed" start-time="2026-02-25 04:37:37Z" end-time="2026-02-25 04:37:37Z" duration="0.169181" asserts="0">
                <properties>
                  <property name="_JOINTYPE" value="UnityCombinatorial" />
                  <property name="retryIteration" value="0" />
                  <property name="repeatIteration" value="0" />
                </properties>
                <output><![CDATA[[NGOTestHelper] Using UnityTransport port 59612 for PlayMode test NetworkManager.
[NGOTestHelper] Local player exists but is not usable for tests (missing/unspawned NetworkBehaviours). Replacing with test player...
[PlayerInputHandler] Initializing input (direct keyboard polling).
[PlayerInputHandler] Devices: Keyboard=False Mouse=False
[PlayerInputHandler] Enabling Input Actions.
[PlayerInputHandler] InputActions enabled (context=OnEnable). Movement=True Cast1=True Interact=True Keyboard=False Mouse=False
[NetworkPlayer] Awake on TestPlayer.
[PlayerInteraction] Initialized for local player (ClientId: 0).
[PlayerInputHandler] InputActions enabled (context=PlayerInteraction OnNetworkSpawn (owner)). Movement=True Cast1=True Interact=True Keyboard=False Mouse=False
[PlayerMovement] Initialized for local owner.
[PlayerRegistry] Registered player 'TestPlayer'. Total: 1
[NetworkPlayer] Local player spawned — setting up camera.
[PlayerInputHandler] InputActions enabled (context=NetworkPlayer OnNetworkSpawn (owner)). Movement=True Cast1=True Interact=True Keyboard=False Mouse=False
[NetworkPlayer] No ground collider or terrain found! Spawning at default position.
[ThirdPersonCamera] Target set to TestPlayer. pivotHeight=1.40. Cached 0 renderers.
[NetworkPlayer] CameraTarget missing; using root target with pivotHeight=1.40
[NetworkPlayer] VisualMode: stamp=Unknown actual=PrimitiveFallback child='(none)' skinned=0 renderers=0 mixamoRig=False netObj=2 ownerClient=0
ActionBarUI bound to local player AbilitySystemComponent.
[NoOpAbility] Execute at (0.00, 0.00, 0.00)
[AbilitySystemComponent] Playing VFX=FireballMuzzle SFX=FireballCast for NoOp at (0.00, 0.00, 0.00)
ActionBarUI updated correctly.
[PlayerRegistry] Unregistered player 'TestPlayer'. Total: 0
[PlayerInputHandler] Disabling Input Actions.
]]></output>
              </test-case>
              <test-case id="1037" name="CraftingUI_UpdatesWhenStationSet" fullname="ByteWar.Tests.PlayMode.UITests.CraftingUI_UpdatesWhenStationSet" methodname="CraftingUI_UpdatesWhenStationSet" classname="ByteWar.Tests.PlayMode.UITests" runstate="Runnable" seed="336644047" result="Passed" start-time="2026-02-25 04:37:37Z" end-time="2026-02-25 04:37:37Z" duration="0.029511" asserts="0">
                <properties>
                  <property name="_JOINTYPE" value="UnityCombinatorial" />
                  <property name="retryIteration" value="0" />
                  <property name="repeatIteration" value="0" />
                </properties>
                <output><![CDATA[[NGOTestHelper] Using UnityTransport port 59613 for PlayMode test NetworkManager.
[NGOTestHelper] Local player exists but is not usable for tests (missing/unspawned NetworkBehaviours). Replacing with test player...
[PlayerInputHandler] Initializing input (direct keyboard polling).
[PlayerInputHandler] Devices: Keyboard=False Mouse=False
[PlayerInputHandler] Enabling Input Actions.
[PlayerInputHandler] InputActions enabled (context=OnEnable). Movement=True Cast1=True Interact=True Keyboard=False Mouse=False
[NetworkPlayer] Awake on TestPlayer.
[PlayerInteraction] Initialized for local player (ClientId: 0).
[PlayerInputHandler] InputActions enabled (context=PlayerInteraction OnNetworkSpawn (owner)). Movement=True Cast1=True Interact=True Keyboard=False Mouse=False
[PlayerMovement] Initialized for local owner.
[PlayerRegistry] Registered player 'TestPlayer'. Total: 1
[NetworkPlayer] Local player spawned — setting up camera.
[PlayerInputHandler] InputActions enabled (context=NetworkPlayer OnNetworkSpawn (owner)). Movement=True Cast1=True Interact=True Keyboard=False Mouse=False
[NetworkPlayer] No ground collider or terrain found! Spawning at default position.
[ThirdPersonCamera] Target set to TestPlayer. pivotHeight=1.40. Cached 0 renderers.
[NetworkPlayer] CameraTarget missing; using root target with pivotHeight=1.40
[NetworkPlayer] VisualMode: stamp=Unknown actual=PrimitiveFallback child='(none)' skinned=0 renderers=0 mixamoRig=False netObj=2 ownerClient=0
ActionBarUI bound to local player AbilitySystemComponent.
CraftingUI bound to CraftingStation.
CraftingUI updated correctly.
[PlayerRegistry] Unregistered player 'TestPlayer'. Total: 0
[PlayerInputHandler] Disabling Input Actions.
]]></output>
              </test-case>
              <test-case id="1036" name="InventoryUI_UpdatesWhenItemAdded" fullname="ByteWar.Tests.PlayMode.UITests.InventoryUI_UpdatesWhenItemAdded" methodname="InventoryUI_UpdatesWhenItemAdded" classname="ByteWar.Tests.PlayMode.UITests" runstate="Runnable" seed="1689819631" result="Passed" start-time="2026-02-25 04:37:37Z" end-time="2026-02-25 04:37:37Z" duration="0.027731" asserts="0">
                <properties>
                  <property name="_JOINTYPE" value="UnityCombinatorial" />
                  <property name="retryIteration" value="0" />
                  <property name="repeatIteration" value="0" />
                </properties>
                <output><![CDATA[[NGOTestHelper] Using UnityTransport port 59614 for PlayMode test NetworkManager.
[NGOTestHelper] Local player exists but is not usable for tests (missing/unspawned NetworkBehaviours). Replacing with test player...
[PlayerInputHandler] Initializing input (direct keyboard polling).
[PlayerInputHandler] Devices: Keyboard=False Mouse=False
[PlayerInputHandler] Enabling Input Actions.
[PlayerInputHandler] InputActions enabled (context=OnEnable). Movement=True Cast1=True Interact=True Keyboard=False Mouse=False
[NetworkPlayer] Awake on TestPlayer.
[PlayerInteraction] Initialized for local player (ClientId: 0).
[PlayerInputHandler] InputActions enabled (context=PlayerInteraction OnNetworkSpawn (owner)). Movement=True Cast1=True Interact=True Keyboard=False Mouse=False
[PlayerMovement] Initialized for local owner.
[PlayerRegistry] Registered player 'TestPlayer'. Total: 1
[NetworkPlayer] Local player spawned — setting up camera.
[PlayerInputHandler] InputActions enabled (context=NetworkPlayer OnNetworkSpawn (owner)). Movement=True Cast1=True Interact=True Keyboard=False Mouse=False
[NetworkPlayer] No ground collider or terrain found! Spawning at default position.
[ThirdPersonCamera] Target set to TestPlayer. pivotHeight=1.40. Cached 0 renderers.
[NetworkPlayer] CameraTarget missing; using root target with pivotHeight=1.40
[NetworkPlayer] VisualMode: stamp=Unknown actual=PrimitiveFallback child='(none)' skinned=0 renderers=0 mixamoRig=False netObj=2 ownerClient=0
ActionBarUI bound to local player AbilitySystemComponent.
[InventoryUI] Bound to local player InventoryComponent. Subscribing to events.
[InventoryComponent] Added 'TestItem' to TestPlayer's inventory. Total: 1
[InventoryComponent] (Client) Item added to inventory: 'TestItem'.
[InventoryUI] Inventory changed (item: 'TestItem'). Flagging dirty.
[InventoryUI] Rebuilt with 1 unique item types.
InventoryUI updated correctly.
[PlayerRegistry] Unregistered player 'TestPlayer'. Total: 0
[PlayerInputHandler] Disabling Input Actions.
]]></output>
              </test-case>
              <test-case id="1034" name="PlayerVitalsUI_UpdatesWhenAttributesChange" fullname="ByteWar.Tests.PlayMode.UITests.PlayerVitalsUI_UpdatesWhenAttributesChange" methodname="PlayerVitalsUI_UpdatesWhenAttributesChange" classname="ByteWar.Tests.PlayMode.UITests" runstate="Runnable" seed="1296633430" result="Passed" start-time="2026-02-25 04:37:37Z" end-time="2026-02-25 04:37:37Z" duration="0.027891" asserts="0">
                <properties>
                  <property name="_JOINTYPE" value="UnityCombinatorial" />
                  <property name="retryIteration" value="0" />
                  <property name="repeatIteration" value="0" />
                </properties>
                <output><![CDATA[[NGOTestHelper] Using UnityTransport port 59615 for PlayMode test NetworkManager.
[NGOTestHelper] Local player exists but is not usable for tests (missing/unspawned NetworkBehaviours). Replacing with test player...
[PlayerInputHandler] Initializing input (direct keyboard polling).
[PlayerInputHandler] Devices: Keyboard=False Mouse=False
[PlayerInputHandler] Enabling Input Actions.
[PlayerInputHandler] InputActions enabled (context=OnEnable). Movement=True Cast1=True Interact=True Keyboard=False Mouse=False
[NetworkPlayer] Awake on TestPlayer.
[PlayerInteraction] Initialized for local player (ClientId: 0).
[PlayerInputHandler] InputActions enabled (context=PlayerInteraction OnNetworkSpawn (owner)). Movement=True Cast1=True Interact=True Keyboard=False Mouse=False
[PlayerMovement] Initialized for local owner.
[PlayerRegistry] Registered player 'TestPlayer'. Total: 1
[NetworkPlayer] Local player spawned — setting up camera.
[PlayerInputHandler] InputActions enabled (context=NetworkPlayer OnNetworkSpawn (owner)). Movement=True Cast1=True Interact=True Keyboard=False Mouse=False
[NetworkPlayer] No ground collider or terrain found! Spawning at default position.
[ThirdPersonCamera] Target set to TestPlayer. pivotHeight=1.40. Cached 0 renderers.
[NetworkPlayer] CameraTarget missing; using root target with pivotHeight=1.40
[NetworkPlayer] VisualMode: stamp=Unknown actual=PrimitiveFallback child='(none)' skinned=0 renderers=0 mixamoRig=False netObj=2 ownerClient=0
ActionBarUI bound to local player AbilitySystemComponent.
[InventoryUI] Bound to local player InventoryComponent. Subscribing to events.
[InventoryUI] Rebuilt with 0 unique item types.
PlayerVitalsUI bound to local player AttributeSet.
PlayerVitalsUI updated correctly.
[PlayerRegistry] Unregistered player 'TestPlayer'. Total: 0
[PlayerInputHandler] Disabling Input Actions.
]]></output>
              </test-case>
            </test-suite>
            <test-suite type="TestFixture" id="1038" name="VFXSmokeTests" fullname="ByteWar.Tests.PlayMode.VFXSmokeTests" classname="ByteWar.Tests.PlayMode.VFXSmokeTests" runstate="Runnable" testcasecount="5" result="Passed" start-time="2026-02-25 04:37:37Z" end-time="2026-02-25 04:37:38Z" duration="1.238423" total="5" passed="5" failed="0" inconclusive="0" skipped="0" asserts="0">
              <properties />
              <test-case id="1040" name="AudioManager_PlaySFX_DoesNotThrow_InPlayMode" fullname="ByteWar.Tests.PlayMode.VFXSmokeTests.AudioManager_PlaySFX_DoesNotThrow_InPlayMode" methodname="AudioManager_PlaySFX_DoesNotThrow_InPlayMode" classname="ByteWar.Tests.PlayMode.VFXSmokeTests" runstate="Runnable" seed="1004365088" result="Passed" start-time="2026-02-25 04:37:37Z" end-time="2026-02-25 04:37:37Z" duration="0.013262" asserts="0">
                <properties>
                  <property name="_JOINTYPE" value="UnityCombinatorial" />
                  <property name="retryIteration" value="0" />
                  <property name="repeatIteration" value="0" />
                </properties>
                <output><![CDATA[[AudioManager] Clips loaded: footstep=True melee=True fbCast=True fbImpact=True pickup=True building=True ui=True cleave=True
[AudioManager] Singleton initialised with spatial pool size=3.
There are no audio listeners in the scene. Please ensure there is always one audio listener in the scene
[AudioManager] 2D SFX: UIClick
[AudioManager] 2D SFX: Footstep
[VFXSmokeTests] PASS: AudioManager.PlaySFX executes without exceptions.
]]></output>
              </test-case>
              <test-case id="1039" name="AudioManager_Singleton_InitialisesOnAwake" fullname="ByteWar.Tests.PlayMode.VFXSmokeTests.AudioManager_Singleton_InitialisesOnAwake" methodname="AudioManager_Singleton_InitialisesOnAwake" classname="ByteWar.Tests.PlayMode.VFXSmokeTests" runstate="Runnable" seed="1294607913" result="Passed" start-time="2026-02-25 04:37:37Z" end-time="2026-02-25 04:37:37Z" duration="0.004329" asserts="0">
                <properties>
                  <property name="_JOINTYPE" value="UnityCombinatorial" />
                  <property name="retryIteration" value="0" />
                  <property name="repeatIteration" value="0" />
                </properties>
                <output><![CDATA[[AudioManager] Clips loaded: footstep=True melee=True fbCast=True fbImpact=True pickup=True building=True ui=True cleave=True
[AudioManager] Singleton initialised with spatial pool size=3.
There are no audio listeners in the scene. Please ensure there is always one audio listener in the scene
[VFXSmokeTests] PASS: AudioManager.Instance is set.
]]></output>
              </test-case>
              <test-case id="1041" name="FootstepController_StepCount_IncreasesWhenGroundedAndMoving" fullname="ByteWar.Tests.PlayMode.VFXSmokeTests.FootstepController_StepCount_IncreasesWhenGroundedAndMoving" methodname="FootstepController_StepCount_IncreasesWhenGroundedAndMoving" classname="ByteWar.Tests.PlayMode.VFXSmokeTests" runstate="Runnable" seed="1032378587" result="Passed" start-time="2026-02-25 04:37:37Z" end-time="2026-02-25 04:37:38Z" duration="1.205144" asserts="0">
                <properties>
                  <property name="_JOINTYPE" value="UnityCombinatorial" />
                  <property name="retryIteration" value="0" />
                  <property name="repeatIteration" value="0" />
                </properties>
                <output><![CDATA[[AudioManager] Clips loaded: footstep=True melee=True fbCast=True fbImpact=True pickup=True building=True ui=True cleave=True
[AudioManager] Singleton initialised with spatial pool size=3.
There are no audio listeners in the scene. Please ensure there is always one audio listener in the scene
[FootstepController] Initialised.
[AudioManager] 2D SFX: Footstep
[FootstepController] Step played at (2.50, 0.08, 0.00)
There are no audio listeners in the scene. Please ensure there is always one audio listener in the scene
There are no audio listeners in the scene. Please ensure there is always one audio listener in the scene
There are no audio listeners in the scene. Please ensure there is always one audio listener in the scene
There are no audio listeners in the scene. Please ensure there is always one audio listener in the scene
There are no audio listeners in the scene. Please ensure there is always one audio listener in the scene
There are no audio listeners in the scene. Please ensure there is always one audio listener in the scene
There are no audio listeners in the scene. Please ensure there is always one audio listener in the scene
There are no audio listeners in the scene. Please ensure there is always one audio listener in the scene
There are no audio listeners in the scene. Please ensure there is always one audio listener in the scene
There are no audio listeners in the scene. Please ensure there is always one audio listener in the scene
There are no audio listeners in the scene. Please ensure there is always one audio listener in the scene
There are no audio listeners in the scene. Please ensure there is always one audio listener in the scene
There are no audio listeners in the scene. Please ensure there is always one audio listener in the scene
There are no audio listeners in the scene. Please ensure there is always one audio listener in the scene
There are no audio listeners in the scene. Please ensure there is always one audio listener in the scene
There are no audio listeners in the scene. Please ensure there is always one audio listener in the scene
There are no audio listeners in the scene. Please ensure there is always one audio listener in the scene
There are no audio listeners in the scene. Please ensure there is always one audio listener in the scene
There are no audio listeners in the scene. Please ensure there is always one audio listener in the scene
There are no audio listeners in the scene. Please ensure there is always one audio listener in the scene
There are no audio listeners in the scene. Please ensure there is always one audio listener in the scene
There are no audio listeners in the scene. Please ensure there is always one audio listener in the scene
There are no audio listeners in the scene. Please ensure there is always one audio listener in the scene
There are no audio listeners in the scene. Please ensure there is always one audio listener in the scene
There are no audio listeners in the scene. Please ensure there is always one audio listener in the scene
There are no audio listeners in the scene. Please ensure there is always one audio listener in the scene
There are no audio listeners in the scene. Please ensure there is always one audio listener in the scene
There are no audio listeners in the scene. Please ensure there is always one audio listener in the scene
There are no audio listeners in the scene. Please ensure there is always one audio listener in the scene
There are no audio listeners in the scene. Please ensure there is always one audio listener in the scene
There are no audio listeners in the scene. Please ensure there is always one audio listener in the scene
There are no audio listeners in the scene. Please ensure there is always one audio listener in the scene
There are no audio listeners in the scene. Please ensure there is always one audio listener in the scene
There are no audio listeners in the scene. Please ensure there is always one audio listener in the scene
There are no audio listeners in the scene. Please ensure there is always one audio listener in the scene
There are no audio listeners in the scene. Please ensure there is always one audio listener in the scene
There are no audio listeners in the scene. Please ensure there is always one audio listener in the scene
There are no audio listeners in the scene. Please ensure there is always one audio listener in the scene
There are no audio listeners in the scene. Please ensure there is always one audio listener in the scene
There are no audio listeners in the scene. Please ensure there is always one audio listener in the scene
There are no audio listeners in the scene. Please ensure there is always one audio listener in the scene
There are no audio listeners in the scene. Please ensure there is always one audio listener in the scene
There are no audio listeners in the scene. Please ensure there is always one audio listener in the scene
There are no audio listeners in the scene. Please ensure there is always one audio listener in the scene
There are no audio listeners in the scene. Please ensure there is always one audio listener in the scene
There are no audio listeners in the scene. Please ensure there is always one audio listener in the scene
There are no audio listeners in the scene. Please ensure there is always one audio listener in the scene
There are no audio listeners in the scene. Please ensure there is always one audio listener in the scene
There are no audio listeners in the scene. Please ensure there is always one audio listener in the scene
There are no audio listeners in the scene. Please ensure there is always one audio listener in the scene
There are no audio listeners in the scene. Please ensure there is always one audio listener in the scene
There are no audio listeners in the scene. Please ensure there is always one audio listener in the scene
There are no audio listeners in the scene. Please ensure there is always one audio listener in the scene
There are no audio listeners in the scene. Please ensure there is always one audio listener in the scene
There are no audio listeners in the scene. Please ensure there is always one audio listener in the scene
There are no audio listeners in the scene. Please ensure there is always one audio listener in the scene
There are no audio listeners in the scene. Please ensure there is always one audio listener in the scene
There are no audio listeners in the scene. Please ensure there is always one audio listener in the scene
There are no audio listeners in the scene. Please ensure there is always one audio listener in the scene
There are no audio listeners in the scene. Please ensure there is always one audio listener in the scene
There are no audio listeners in the scene. Please ensure there is always one audio listener in the scene
There are no audio listeners in the scene. Please ensure there is always one audio listener in the scene
There are no audio listeners in the scene. Please ensure there is always one audio listener in the scene
There are no audio listeners in the scene. Please ensure there is always one audio listener in the scene
There are no audio listeners in the scene. Please ensure there is always one audio listener in the scene
There are no audio listeners in the scene. Please ensure there is always one audio listener in the scene
There are no audio listeners in the scene. Please ensure there is always one audio listener in the scene
There are no audio listeners in the scene. Please ensure there is always one audio listener in the scene
There are no audio listeners in the scene. Please ensure there is always one audio listener in the scene
There are no audio listeners in the scene. Please ensure there is always one audio listener in the scene
There are no audio listeners in the scene. Please ensure there is always one audio listener in the scene
There are no audio listeners in the scene. Please ensure there is always one audio listener in the scene
There are no audio listeners in the scene. Please ensure there is always one audio listener in the scene
There are no audio listeners in the scene. Please ensure there is always one audio listener in the scene
There are no audio listeners in the scene. Please ensure there is always one audio listener in the scene
There are no audio listeners in the scene. Please ensure there is always one audio listener in the scene
There are no audio listeners in the scene. Please ensure there is always one audio listener in the scene
There are no audio listeners in the scene. Please ensure there is always one audio listener in the scene
There are no audio listeners in the scene. Please ensure there is always one audio listener in the scene
There are no audio listeners in the scene. Please ensure there is always one audio listener in the scene
There are no audio listeners in the scene. Please ensure there is always one audio listener in the scene
There are no audio listeners in the scene. Please ensure there is always one audio listener in the scene
There are no audio listeners in the scene. Please ensure there is always one audio listener in the scene
There are no audio listeners in the scene. Please ensure there is always one audio listener in the scene
There are no audio listeners in the scene. Please ensure there is always one audio listener in the scene
There are no audio listeners in the scene. Please ensure there is always one audio listener in the scene
There are no audio listeners in the scene. Please ensure there is always one audio listener in the scene
There are no audio listeners in the scene. Please ensure there is always one audio listener in the scene
There are no audio listeners in the scene. Please ensure there is always one audio listener in the scene
There are no audio listeners in the scene. Please ensure there is always one audio listener in the scene
There are no audio listeners in the scene. Please ensure there is always one audio listener in the scene
There are no audio listeners in the scene. Please ensure there is always one audio listener in the scene
There are no audio listeners in the scene. Please ensure there is always one audio listener in the scene
There are no audio listeners in the scene. Please ensure there is always one audio listener in the scene
There are no audio listeners in the scene. Please ensure there is always one audio listener in the scene
There are no audio listeners in the scene. Please ensure there is always one audio listener in the scene
There are no audio listeners in the scene. Please ensure there is always one audio listener in the scene
There are no audio listeners in the scene. Please ensure there is always one audio listener in the scene
There are no audio listeners in the scene. Please ensure there is always one audio listener in the scene
There are no audio listeners in the scene. Please ensure there is always one audio listener in the scene
There are no audio listeners in the scene. Please ensure there is always one audio listener in the scene
There are no audio listeners in the scene. Please ensure there is always one audio listener in the scene
There are no audio listeners in the scene. Please ensure there is always one audio listener in the scene
There are no audio listeners in the scene. Please ensure there is always one audio listener in the scene
There are no audio listeners in the scene. Please ensure there is always one audio listener in the scene
There are no audio listeners in the scene. Please ensure there is always one audio listener in the scene
There are no audio listeners in the scene. Please ensure there is always one audio listener in the scene
There are no audio listeners in the scene. Please ensure there is always one audio listener in the scene
There are no audio listeners in the scene. Please ensure there is always one audio listener in the scene
There are no audio listeners in the scene. Please ensure there is always one audio listener in the scene
There are no audio listeners in the scene. Please ensure there is always one audio listener in the scene
There are no audio listeners in the scene. Please ensure there is always one audio listener in the scene
There are no audio listeners in the scene. Please ensure there is always one audio listener in the scene
There are no audio listeners in the scene. Please ensure there is always one audio listener in the scene
There are no audio listeners in the scene. Please ensure there is always one audio listener in the scene
There are no audio listeners in the scene. Please ensure there is always one audio listener in the scene
There are no audio listeners in the scene. Please ensure there is always one audio listener in the scene
There are no audio listeners in the scene. Please ensure there is always one audio listener in the scene
There are no audio listeners in the scene. Please ensure there is always one audio listener in the scene
There are no audio listeners in the scene. Please ensure there is always one audio listener in the scene
There are no audio listeners in the scene. Please ensure there is always one audio listener in the scene
There are no audio listeners in the scene. Please ensure there is always one audio listener in the scene
There are no audio listeners in the scene. Please ensure there is always one audio listener in the scene
There are no audio listeners in the scene. Please ensure there is always one audio listener in the scene
There are no audio listeners in the scene. Please ensure there is always one audio listener in the scene
There are no audio listeners in the scene. Please ensure there is always one audio listener in the scene
There are no audio listeners in the scene. Please ensure there is always one audio listener in the scene
There are no audio listeners in the scene. Please ensure there is always one audio listener in the scene
There are no audio listeners in the scene. Please ensure there is always one audio listener in the scene
There are no audio listeners in the scene. Please ensure there is always one audio listener in the scene
There are no audio listeners in the scene. Please ensure there is always one audio listener in the scene
There are no audio listeners in the scene. Please ensure there is always one audio listener in the scene
There are no audio listeners in the scene. Please ensure there is always one audio listener in the scene
There are no audio listeners in the scene. Please ensure there is always one audio listener in the scene
There are no audio listeners in the scene. Please ensure there is always one audio listener in the scene
There are no audio listeners in the scene. Please ensure there is always one audio listener in the scene
There are no audio listeners in the scene. Please ensure there is always one audio listener in the scene
There are no audio listeners in the scene. Please ensure there is always one audio listener in the scene
There are no audio listeners in the scene. Please ensure there is always one audio listener in the scene
[...]
There are no audio listeners in the scene. Please ensure there is always one audio listener in the scene
There are no audio listeners in the scene. Please ensure there is always one audio listener in the scene
There are no audio listeners in the scene. Please ensure there is always one audio listener in the scene
There are no audio listeners in the scene. Please ensure there is always one audio listener in the scene
There are no audio listeners in the scene. Please ensure there is always one audio listener in the scene
There are no audio listeners in the scene. Please ensure there is always one audio listener in the scene
There are no audio listeners in the scene. Please ensure there is always one audio listener in the scene
There are no audio listeners in the scene. Please ensure there is always one audio listener in the scene
There are no audio listeners in the scene. Please ensure there is always one audio listener in the scene
There are no audio listeners in the scene. Please ensure there is always one audio listener in the scene
There are no audio listeners in the scene. Please ensure there is always one audio listener in the scene
There are no audio listeners in the scene. Please ensure there is always one audio listener in the scene
There are no audio listeners in the scene. Please ensure there is always one audio listener in the scene
There are no audio listeners in the scene. Please ensure there is always one audio listener in the scene
[WarriorAbilitySmokeTests] PASS: CleaveAbility audio dispatch no exceptions.
[PlayerRegistry] Unregistered player 'TestPlayer'. Total: 0
[PlayerInputHandler] Disabling Input Actions.
]]></output>
              </test-case>
              <test-case id="1053" name="CleaveAbility_Cast_PlaysVFXWithoutException" fullname="ByteWar.Tests.PlayMode.WarriorAbilitySmokeTests.CleaveAbility_Cast_PlaysVFXWithoutException" methodname="CleaveAbility_Cast_PlaysVFXWithoutException" classname="ByteWar.Tests.PlayMode.WarriorAbilitySmokeTests" runstate="Runnable" seed="746305415" result="Passed" start-time="2026-02-25 04:37:39Z" end-time="2026-02-25 04:37:39Z" duration="0.168997" asserts="0">
                <properties>
                  <property name="_JOINTYPE" value="UnityCombinatorial" />
                  <property name="retryIteration" value="0" />
                  <property name="repeatIteration" value="0" />
                </properties>
                <output><![CDATA[[NGOTestHelper] Using UnityTransport port 50435 for PlayMode test NetworkManager.
[NGOTestHelper] Local player exists but is not usable for tests (missing/unspawned NetworkBehaviours). Replacing with test player...
[PlayerInputHandler] Initializing input (direct keyboard polling).
[PlayerInputHandler] Devices: Keyboard=False Mouse=False
[PlayerInputHandler] Enabling Input Actions.
[PlayerInputHandler] InputActions enabled (context=OnEnable). Movement=True Cast1=True Interact=True Keyboard=False Mouse=False
[NetworkPlayer] Awake on TestPlayer.
[PlayerInteraction] Initialized for local player (ClientId: 0).
[PlayerInputHandler] InputActions enabled (context=PlayerInteraction OnNetworkSpawn (owner)). Movement=True Cast1=True Interact=True Keyboard=False Mouse=False
[PlayerMovement] Initialized for local owner.
[PlayerRegistry] Registered player 'TestPlayer'. Total: 1
[NetworkPlayer] Local player spawned — setting up camera.
[PlayerInputHandler] InputActions enabled (context=NetworkPlayer OnNetworkSpawn (owner)). Movement=True Cast1=True Interact=True Keyboard=False Mouse=False
[NetworkPlayer] No ground collider or terrain found! Spawning at default position.
[ThirdPersonCamera] Target set to TestPlayer. pivotHeight=1.40. Cached 0 renderers.
[NetworkPlayer] CameraTarget missing; using root target with pivotHeight=1.40
[NetworkPlayer] VisualMode: stamp=Unknown actual=PrimitiveFallback child='(none)' skinned=0 renderers=0 mixamoRig=False netObj=2 ownerClient=0
ActionBarUI bound to local player AbilitySystemComponent.
[InventoryUI] Bound to local player InventoryComponent. Subscribing to events.
PlayerVitalsUI bound to local player AttributeSet.
[InventoryUI] Rebuilt with 0 unique item types.
[VFXManager] Singleton initialised.
[CleaveAbility] Executing cleave: origin=(0.00, 3.00, 0.00) forward=(0.00, 0.00, 1.00) radius=4 arc=120 overlaps=1
[CleaveAbility] Cleave complete: hit 0 targets.
[AbilitySystemComponent] Playing VFX=CleaveHit SFX=CleaveHit for VFX Test Cleave at (0.00, 2.00, 0.00)
[VFXManager] No prefab assigned for VFXType=CleaveHit. Skipping.
[WarriorAbilitySmokeTests] PASS: CleaveAbility VFX dispatch no exceptions.
[PlayerRegistry] Unregistered player 'TestPlayer'. Total: 0
[PlayerInputHandler] Disabling Input Actions.
]]></output>
              </test-case>
              <test-case id="1050" name="CleaveAbility_DamagesEnemyInArc" fullname="ByteWar.Tests.PlayMode.WarriorAbilitySmokeTests.CleaveAbility_DamagesEnemyInArc" methodname="CleaveAbility_DamagesEnemyInArc" classname="ByteWar.Tests.PlayMode.WarriorAbilitySmokeTests" runstate="Runnable" seed="372820310" result="Passed" start-time="2026-02-25 04:37:39Z" end-time="2026-02-25 04:37:39Z" duration="0.172415" asserts="0">
                <properties>
                  <property name="_JOINTYPE" value="UnityCombinatorial" />
                  <property name="retryIteration" value="0" />
                  <property name="repeatIteration" value="0" />
                </properties>
                <output><![CDATA[[NGOTestHelper] Using UnityTransport port 50436 for PlayMode test NetworkManager.
[NGOTestHelper] Local player exists but is not usable for tests (missing/unspawned NetworkBehaviours). Replacing with test player...
[PlayerInputHandler] Initializing input (direct keyboard polling).
[PlayerInputHandler] Devices: Keyboard=False Mouse=False
[PlayerInputHandler] Enabling Input Actions.
[PlayerInputHandler] InputActions enabled (context=OnEnable). Movement=True Cast1=True Interact=True Keyboard=False Mouse=False
[NetworkPlayer] Awake on TestPlayer.
[PlayerInteraction] Initialized for local player (ClientId: 0).
[PlayerInputHandler] InputActions enabled (context=PlayerInteraction OnNetworkSpawn (owner)). Movement=True Cast1=True Interact=True Keyboard=False Mouse=False
[PlayerMovement] Initialized for local owner.
[PlayerRegistry] Registered player 'TestPlayer'. Total: 1
[NetworkPlayer] Local player spawned — setting up camera.
[PlayerInputHandler] InputActions enabled (context=NetworkPlayer OnNetworkSpawn (owner)). Movement=True Cast1=True Interact=True Keyboard=False Mouse=False
[NetworkPlayer] No ground collider or terrain found! Spawning at default position.
[ThirdPersonCamera] Target set to TestPlayer. pivotHeight=1.40. Cached 0 renderers.
[NetworkPlayer] CameraTarget missing; using root target with pivotHeight=1.40
[NetworkPlayer] VisualMode: stamp=Unknown actual=PrimitiveFallback child='(none)' skinned=0 renderers=0 mixamoRig=False netObj=2 ownerClient=0
ActionBarUI bound to local player AbilitySystemComponent.
[InventoryUI] Bound to local player InventoryComponent. Subscribing to events.
PlayerVitalsUI bound to local player AttributeSet.
[InventoryUI] Rebuilt with 0 unique item types.
[EnemyAI] Spawned 'TestEnemy' (NetworkObjectId=3) at (0.00, 0.00, 3.00).
[EnemyAI] 'TestEnemy' found target: TestPlayer
[EnemyAI] 'TestEnemy' moving towards TestPlayer
[CleaveAbility] Executing cleave: origin=(0.00, 1.00, 0.00) forward=(0.00, 0.00, 1.00) radius=6 arc=120 overlaps=2
[EnemyAI] 'TestEnemy' health: 100.0 → 75.0
[CleaveAbility] Hit 'TestEnemy' for 25 damage. angle=18.5
[CleaveAbility] Cleave complete: hit 1 targets.
[AbilitySystemComponent] Playing VFX=CleaveHit SFX=CleaveHit for Test Cleave at (0.00, 0.00, 0.00)
[WarriorAbilitySmokeTests] PASS: Enemy health 100 -> 75.
[PlayerRegistry] Unregistered player 'TestPlayer'. Total: 0
[PlayerInputHandler] Disabling Input Actions.
]]></output>
              </test-case>
              <test-case id="1051" name="CleaveAbility_DoesNotDamageEnemyBehind" fullname="ByteWar.Tests.PlayMode.WarriorAbilitySmokeTests.CleaveAbility_DoesNotDamageEnemyBehind" methodname="CleaveAbility_DoesNotDamageEnemyBehind" classname="ByteWar.Tests.PlayMode.WarriorAbilitySmokeTests" runstate="Runnable" seed="513013680" result="Passed" start-time="2026-02-25 04:37:39Z" end-time="2026-02-25 04:37:39Z" duration="0.172809" asserts="0">
                <properties>
                  <property name="_JOINTYPE" value="UnityCombinatorial" />
                  <property name="retryIteration" value="0" />
                  <property name="repeatIteration" value="0" />
                </properties>
                <output><![CDATA[[NGOTestHelper] Using UnityTransport port 50437 for PlayMode test NetworkManager.
[NGOTestHelper] Local player exists but is not usable for tests (missing/unspawned NetworkBehaviours). Replacing with test player...
[PlayerInputHandler] Initializing input (direct keyboard polling).
[PlayerInputHandler] Devices: Keyboard=False Mouse=False
[PlayerInputHandler] Enabling Input Actions.
[PlayerInputHandler] InputActions enabled (context=OnEnable). Movement=True Cast1=True Interact=True Keyboard=False Mouse=False
[NetworkPlayer] Awake on TestPlayer.
[PlayerInteraction] Initialized for local player (ClientId: 0).
[PlayerInputHandler] InputActions enabled (context=PlayerInteraction OnNetworkSpawn (owner)). Movement=True Cast1=True Interact=True Keyboard=False Mouse=False
[PlayerMovement] Initialized for local owner.
[PlayerRegistry] Registered player 'TestPlayer'. Total: 1
[NetworkPlayer] Local player spawned — setting up camera.
[PlayerInputHandler] InputActions enabled (context=NetworkPlayer OnNetworkSpawn (owner)). Movement=True Cast1=True Interact=True Keyboard=False Mouse=False
[NetworkPlayer] No ground collider or terrain found! Spawning at default position.
[ThirdPersonCamera] Target set to TestPlayer. pivotHeight=1.40. Cached 0 renderers.
[NetworkPlayer] CameraTarget missing; using root target with pivotHeight=1.40
[NetworkPlayer] VisualMode: stamp=Unknown actual=PrimitiveFallback child='(none)' skinned=0 renderers=0 mixamoRig=False netObj=2 ownerClient=0
ActionBarUI bound to local player AbilitySystemComponent.
[InventoryUI] Bound to local player InventoryComponent. Subscribing to events.
PlayerVitalsUI bound to local player AttributeSet.
[InventoryUI] Rebuilt with 0 unique item types.
[EnemyAI] Spawned 'EnemyBehind' (NetworkObjectId=3) at (0.00, 0.00, -3.00).
[EnemyAI] 'EnemyBehind' found target: TestPlayer
[EnemyAI] 'EnemyBehind' moving towards TestPlayer
[CleaveAbility] Executing cleave: origin=(0.00, 3.00, 0.00) forward=(0.00, 0.00, 1.00) radius=6 arc=120 overlaps=2
[CleaveAbility] Cleave complete: hit 0 targets.
[AbilitySystemComponent] Playing VFX=FireballMuzzle SFX=FireballCast for Behind Check Cleave at (0.00, 2.00, 0.00)
[WarriorAbilitySmokeTests] PASS: Enemy behind player was not damaged.
[PlayerRegistry] Unregistered player 'TestPlayer'. Total: 0
[PlayerInputHandler] Disabling Input Actions.
]]></output>
              </test-case>
              <test-case id="1049" name="CleaveAbility_InsufficientMana_CastFails" fullname="ByteWar.Tests.PlayMode.WarriorAbilitySmokeTests.CleaveAbility_InsufficientMana_CastFails" methodname="CleaveAbility_InsufficientMana_CastFails" classname="ByteWar.Tests.PlayMode.WarriorAbilitySmokeTests" runstate="Runnable" seed="468734030" result="Passed" start-time="2026-02-25 04:37:39Z" end-time="2026-02-25 04:37:39Z" duration="0.018116" asserts="0">
                <properties>
                  <property name="_JOINTYPE" value="UnityCombinatorial" />
                  <property name="retryIteration" value="0" />
                  <property name="repeatIteration" value="0" />
                </properties>
                <output><![CDATA[[NGOTestHelper] Using UnityTransport port 50438 for PlayMode test NetworkManager.
[NGOTestHelper] Local player exists but is not usable for tests (missing/unspawned NetworkBehaviours). Replacing with test player...
[PlayerInputHandler] Initializing input (direct keyboard polling).
[PlayerInputHandler] Devices: Keyboard=False Mouse=False
[PlayerInputHandler] Enabling Input Actions.
[PlayerInputHandler] InputActions enabled (context=OnEnable). Movement=True Cast1=True Interact=True Keyboard=False Mouse=False
[NetworkPlayer] Awake on TestPlayer.
[PlayerInteraction] Initialized for local player (ClientId: 0).
[PlayerInputHandler] InputActions enabled (context=PlayerInteraction OnNetworkSpawn (owner)). Movement=True Cast1=True Interact=True Keyboard=False Mouse=False
[PlayerMovement] Initialized for local owner.
[PlayerRegistry] Registered player 'TestPlayer'. Total: 1
[NetworkPlayer] Local player spawned — setting up camera.
[PlayerInputHandler] InputActions enabled (context=NetworkPlayer OnNetworkSpawn (owner)). Movement=True Cast1=True Interact=True Keyboard=False Mouse=False
[NetworkPlayer] No ground collider or terrain found! Spawning at default position.
[ThirdPersonCamera] Target set to TestPlayer. pivotHeight=1.40. Cached 0 renderers.
[NetworkPlayer] CameraTarget missing; using root target with pivotHeight=1.40
[NetworkPlayer] VisualMode: stamp=Unknown actual=PrimitiveFallback child='(none)' skinned=0 renderers=0 mixamoRig=False netObj=2 ownerClient=0
ActionBarUI bound to local player AbilitySystemComponent.
[InventoryUI] Bound to local player InventoryComponent. Subscribing to events.
PlayerVitalsUI bound to local player AttributeSet.
[InventoryUI] Rebuilt with 0 unique item types.
[AbilitySystemComponent] Not enough mana to cast Mana Drain Cleave. Need=99999.0 Have=100.0
[WarriorAbilitySmokeTests] PASS: CleaveAbility fails without sufficient mana.
[PlayerRegistry] Unregistered player 'TestPlayer'. Total: 0
[PlayerInputHandler] Disabling Input Actions.
]]></output>
              </test-case>
              <test-case id="1048" name="CleaveAbility_OnCooldown_CastFails" fullname="ByteWar.Tests.PlayMode.WarriorAbilitySmokeTests.CleaveAbility_OnCooldown_CastFails" methodname="CleaveAbility_OnCooldown_CastFails" classname="ByteWar.Tests.PlayMode.WarriorAbilitySmokeTests" runstate="Runnable" seed="1872614906" result="Passed" start-time="2026-02-25 04:37:39Z" end-time="2026-02-25 04:37:39Z" duration="0.167446" asserts="0">
                <properties>
                  <property name="_JOINTYPE" value="UnityCombinatorial" />
                  <property name="retryIteration" value="0" />
                  <property name="repeatIteration" value="0" />
                </properties>
                <output><![CDATA[[NGOTestHelper] Using UnityTransport port 50439 for PlayMode test NetworkManager.
[NGOTestHelper] Local player exists but is not usable for tests (missing/unspawned NetworkBehaviours). Replacing with test player...
[PlayerInputHandler] Initializing input (direct keyboard polling).
[PlayerInputHandler] Devices: Keyboard=False Mouse=False
[PlayerInputHandler] Enabling Input Actions.
[PlayerInputHandler] InputActions enabled (context=OnEnable). Movement=True Cast1=True Interact=True Keyboard=False Mouse=False
[NetworkPlayer] Awake on TestPlayer.
[PlayerInteraction] Initialized for local player (ClientId: 0).
[PlayerInputHandler] InputActions enabled (context=PlayerInteraction OnNetworkSpawn (owner)). Movement=True Cast1=True Interact=True Keyboard=False Mouse=False
[PlayerMovement] Initialized for local owner.
[PlayerRegistry] Registered player 'TestPlayer'. Total: 1
[NetworkPlayer] Local player spawned — setting up camera.
[PlayerInputHandler] InputActions enabled (context=NetworkPlayer OnNetworkSpawn (owner)). Movement=True Cast1=True Interact=True Keyboard=False Mouse=False
[NetworkPlayer] No ground collider or terrain found! Spawning at default position.
[ThirdPersonCamera] Target set to TestPlayer. pivotHeight=1.40. Cached 0 renderers.
[NetworkPlayer] CameraTarget missing; using root target with pivotHeight=1.40
[NetworkPlayer] VisualMode: stamp=Unknown actual=PrimitiveFallback child='(none)' skinned=0 renderers=0 mixamoRig=False netObj=2 ownerClient=0
ActionBarUI bound to local player AbilitySystemComponent.
[InventoryUI] Bound to local player InventoryComponent. Subscribing to events.
PlayerVitalsUI bound to local player AttributeSet.
[InventoryUI] Rebuilt with 0 unique item types.
[CleaveAbility] Executing cleave: origin=(0.00, 3.00, 0.00) forward=(0.00, 0.00, 1.00) radius=4 arc=120 overlaps=1
[CleaveAbility] Cleave complete: hit 0 targets.
[AbilitySystemComponent] Playing VFX=FireballMuzzle SFX=FireballCast for Iron Tide Cleave at (0.00, 0.00, 0.00)
Iron Tide Cleave is on cooldown.
[WarriorAbilitySmokeTests] PASS: CleaveAbility blocked while on cooldown.
[PlayerRegistry] Unregistered player 'TestPlayer'. Total: 0
[PlayerInputHandler] Disabling Input Actions.
]]></output>
              </test-case>
              <test-case id="1047" name="CleaveAbility_TryCast_ConsumesManaAndSetsCooldown" fullname="ByteWar.Tests.PlayMode.WarriorAbilitySmokeTests.CleaveAbility_TryCast_ConsumesManaAndSetsCooldown" methodname="CleaveAbility_TryCast_ConsumesManaAndSetsCooldown" classname="ByteWar.Tests.PlayMode.WarriorAbilitySmokeTests" runstate="Runnable" seed="828192983" result="Passed" start-time="2026-02-25 04:37:39Z" end-time="2026-02-25 04:37:39Z" duration="0.168384" asserts="0">
                <properties>
                  <property name="_JOINTYPE" value="UnityCombinatorial" />
                  <property name="retryIteration" value="0" />
                  <property name="repeatIteration" value="0" />
                </properties>
                <output><![CDATA[[NGOTestHelper] Using UnityTransport port 50440 for PlayMode test NetworkManager.
[NGOTestHelper] Local player exists but is not usable for tests (missing/unspawned NetworkBehaviours). Replacing with test player...
[PlayerInputHandler] Initializing input (direct keyboard polling).
[PlayerInputHandler] Devices: Keyboard=False Mouse=False
[PlayerInputHandler] Enabling Input Actions.
[PlayerInputHandler] InputActions enabled (context=OnEnable). Movement=True Cast1=True Interact=True Keyboard=False Mouse=False
[NetworkPlayer] Awake on TestPlayer.
[PlayerInteraction] Initialized for local player (ClientId: 0).
[PlayerInputHandler] InputActions enabled (context=PlayerInteraction OnNetworkSpawn (owner)). Movement=True Cast1=True Interact=True Keyboard=False Mouse=False
[PlayerMovement] Initialized for local owner.
[PlayerRegistry] Registered player 'TestPlayer'. Total: 1
[NetworkPlayer] Local player spawned — setting up camera.
[PlayerInputHandler] InputActions enabled (context=NetworkPlayer OnNetworkSpawn (owner)). Movement=True Cast1=True Interact=True Keyboard=False Mouse=False
[NetworkPlayer] No ground collider or terrain found! Spawning at default position.
[ThirdPersonCamera] Target set to TestPlayer. pivotHeight=1.40. Cached 0 renderers.
[NetworkPlayer] CameraTarget missing; using root target with pivotHeight=1.40
[NetworkPlayer] VisualMode: stamp=Unknown actual=PrimitiveFallback child='(none)' skinned=0 renderers=0 mixamoRig=False netObj=2 ownerClient=0
ActionBarUI bound to local player AbilitySystemComponent.
[InventoryUI] Bound to local player InventoryComponent. Subscribing to events.
PlayerVitalsUI bound to local player AttributeSet.
[InventoryUI] Rebuilt with 0 unique item types.
[CleaveAbility] Executing cleave: origin=(0.00, 3.00, 0.00) forward=(0.00, 0.00, 1.00) radius=4 arc=120 overlaps=1
[CleaveAbility] Cleave complete: hit 0 targets.
[AbilitySystemComponent] Playing VFX=CleaveHit SFX=CleaveHit for Iron Tide Cleave at (0.00, 2.00, 2.00)
[WarriorAbilitySmokeTests] PASS: CleaveAbility consumes mana and sets cooldown.
[PlayerRegistry] Unregistered player 'TestPlayer'. Total: 0
[PlayerInputHandler] Disabling Input Actions.
Saving results to: C:/Users/Elt-9/AppData/LocalLow/BytedotGit/ByteWar\TestResults.xml
]]></output>
              </test-case>
            </test-suite>
          </test-suite>
        </test-suite>
      </test-suite>
    </test-suite>
  </test-suite>
</test-run>